0it [00:00, ?it/s]
1303it [00:00, 13029.73it/s]
3092it [00:00, 13354.55it/s]
5809it [00:00, 14534.33it/s]
8529it [00:00, 19979.59it/s]

0it [00:00, ?it/s]
26it [00:00, 251.20it/s]
1066it [00:00, 8539.09it/s]

  0%|          | 0/9595 [00:00<?, ?it/s]
 97%|#########6| 9297/9595 [00:00<00:00, 92969.42it/s]
100%|##########| 9595/9595 [00:00<00:00, 92366.68it/s]

  0%|          | 0/134 [00:00<?, ?it/s]
accuracy: 0.4118, loss: 0.6962 ||:   1%|          | 1/134 [00:01<03:33,  1.61s/it]
accuracy: 0.4799, loss: 0.6938 ||:   4%|3         | 5/134 [00:01<02:26,  1.13s/it]
accuracy: 0.4817, loss: 0.6936 ||:  10%|#         | 14/134 [00:01<01:35,  1.25it/s]
accuracy: 0.4786, loss: 0.6935 ||:  17%|#7        | 23/134 [00:01<01:02,  1.78it/s]
accuracy: 0.4838, loss: 0.6934 ||:  25%|##4       | 33/134 [00:02<00:40,  2.52it/s]
accuracy: 0.4942, loss: 0.6933 ||:  30%|##9       | 40/134 [00:02<00:26,  3.54it/s]
accuracy: 0.4887, loss: 0.6935 ||:  35%|###5      | 47/134 [00:02<00:17,  4.90it/s]
accuracy: 0.4937, loss: 0.6934 ||:  40%|####      | 54/134 [00:02<00:11,  6.79it/s]
accuracy: 0.4954, loss: 0.6934 ||:  47%|####7     | 63/134 [00:02<00:07,  9.35it/s]
accuracy: 0.4958, loss: 0.6934 ||:  52%|#####2    | 70/134 [00:02<00:05, 12.48it/s]
accuracy: 0.4974, loss: 0.6933 ||:  57%|#####7    | 77/134 [00:02<00:03, 16.22it/s]
accuracy: 0.4980, loss: 0.6933 ||:  66%|######6   | 89/134 [00:02<00:02, 21.87it/s]
accuracy: 0.4993, loss: 0.6932 ||:  75%|#######4  | 100/134 [00:03<00:01, 26.39it/s]
accuracy: 0.4992, loss: 0.6932 ||:  80%|#######9  | 107/134 [00:03<00:00, 32.18it/s]
accuracy: 0.4988, loss: 0.6932 ||:  85%|########5 | 114/134 [00:03<00:00, 35.95it/s]
accuracy: 0.5063, loss: 0.6931 ||:  90%|######### | 121/134 [00:03<00:00, 37.48it/s]
accuracy: 0.5119, loss: 0.6930 ||:  96%|#########6| 129/134 [00:03<00:00, 44.35it/s]
accuracy: 0.5121, loss: 0.6930 ||: 100%|##########| 134/134 [00:03<00:00, 36.16it/s]

  0%|          | 0/17 [00:00<?, ?it/s]
accuracy: 0.5962, loss: 0.6911 ||:  76%|#######6  | 13/17 [00:00<00:00, 128.59it/s]
accuracy: 0.6004, loss: 0.6911 ||: 100%|##########| 17/17 [00:00<00:00, 140.27it/s]

  0%|          | 0/134 [00:00<?, ?it/s]
accuracy: 0.6250, loss: 0.6902 ||:   1%|          | 1/134 [00:00<00:18,  7.13it/s]
accuracy: 0.6024, loss: 0.6892 ||:   7%|6         | 9/134 [00:00<00:12,  9.75it/s]
accuracy: 0.5595, loss: 0.6879 ||:  16%|#5        | 21/134 [00:00<00:08, 13.44it/s]
accuracy: 0.5469, loss: 0.6883 ||:  22%|##2       | 30/134 [00:00<00:05, 17.79it/s]
accuracy: 0.5647, loss: 0.6872 ||:  27%|##6       | 36/134 [00:00<00:04, 21.01it/s]
accuracy: 0.5681, loss: 0.6857 ||:  31%|###1      | 42/134 [00:00<00:04, 20.17it/s]
accuracy: 0.5775, loss: 0.6833 ||:  35%|###5      | 47/134 [00:01<00:04, 19.44it/s]
accuracy: 0.6008, loss: 0.6775 ||:  43%|####3     | 58/134 [00:01<00:02, 25.80it/s]
accuracy: 0.6155, loss: 0.6695 ||:  49%|####9     | 66/134 [00:02<00:04, 15.78it/s]
accuracy: 0.6394, loss: 0.6474 ||:  59%|#####8    | 79/134 [00:02<00:02, 21.41it/s]
accuracy: 0.6524, loss: 0.6321 ||:  68%|######7   | 91/134 [00:02<00:01, 28.33it/s]
accuracy: 0.6655, loss: 0.6145 ||:  77%|#######6  | 103/134 [00:02<00:00, 36.45it/s]
accuracy: 0.6751, loss: 0.6018 ||:  85%|########5 | 114/134 [00:02<00:00, 45.23it/s]
accuracy: 0.6859, loss: 0.5871 ||:  94%|#########4| 126/134 [00:02<00:00, 55.25it/s]
accuracy: 0.6915, loss: 0.5809 ||: 100%|##########| 134/134 [00:02<00:00, 45.43it/s]

  0%|          | 0/17 [00:00<?, ?it/s]
accuracy: 0.7188, loss: 0.5035 ||:   6%|5         | 1/17 [00:00<00:01,  9.84it/s]
accuracy: 0.7298, loss: 0.5324 ||: 100%|##########| 17/17 [00:00<00:00, 87.14it/s]

  0%|          | 0/134 [00:00<?, ?it/s]
accuracy: 0.9375, loss: 0.2442 ||:   1%|          | 1/134 [00:01<02:51,  1.29s/it]
accuracy: 0.8819, loss: 0.2978 ||:   7%|6         | 9/134 [00:01<01:53,  1.10it/s]
accuracy: 0.8789, loss: 0.3005 ||:  12%|#1        | 16/134 [00:01<01:15,  1.56it/s]
accuracy: 0.8720, loss: 0.3124 ||:  16%|#5        | 21/134 [00:01<00:51,  2.20it/s]
accuracy: 0.8669, loss: 0.3201 ||:  20%|##        | 27/134 [00:01<00:34,  3.09it/s]
accuracy: 0.8688, loss: 0.3148 ||:  26%|##6       | 35/134 [00:01<00:22,  4.33it/s]
accuracy: 0.8736, loss: 0.3085 ||:  34%|###4      | 46/134 [00:01<00:14,  6.08it/s]
accuracy: 0.8734, loss: 0.3052 ||:  43%|####3     | 58/134 [00:02<00:08,  8.49it/s]
accuracy: 0.8752, loss: 0.3022 ||:  53%|#####2    | 71/134 [00:02<00:05, 11.77it/s]
accuracy: 0.8744, loss: 0.3037 ||:  61%|######1   | 82/134 [00:02<00:03, 16.06it/s]
accuracy: 0.8772, loss: 0.2989 ||:  69%|######9   | 93/134 [00:02<00:01, 21.59it/s]
accuracy: 0.8792, loss: 0.2981 ||:  78%|#######8  | 105/134 [00:02<00:01, 28.60it/s]
accuracy: 0.8811, loss: 0.2934 ||:  88%|########8 | 118/134 [00:02<00:00, 37.11it/s]
accuracy: 0.8807, loss: 0.2942 ||:  97%|#########7| 130/134 [00:02<00:00, 46.55it/s]
accuracy: 0.8808, loss: 0.2932 ||: 100%|##########| 134/134 [00:02<00:00, 48.84it/s]

  0%|          | 0/17 [00:00<?, ?it/s]
accuracy: 0.7531, loss: 0.5411 ||:  29%|##9       | 5/17 [00:00<00:00, 42.79it/s]
accuracy: 0.7608, loss: 0.5283 ||: 100%|##########| 17/17 [00:00<00:00, 90.06it/s]

  0%|          | 0/134 [00:00<?, ?it/s]
accuracy: 0.9688, loss: 0.1267 ||:   1%|          | 1/134 [00:00<00:16,  7.92it/s]
accuracy: 0.9432, loss: 0.1624 ||:   8%|8         | 11/134 [00:00<00:11, 10.91it/s]
accuracy: 0.9508, loss: 0.1441 ||:  15%|#4        | 20/134 [00:00<00:07, 14.78it/s]
accuracy: 0.9493, loss: 0.1462 ||:  25%|##4       | 33/134 [00:00<00:05, 20.10it/s]
accuracy: 0.9487, loss: 0.1452 ||:  34%|###4      | 46/134 [00:00<00:03, 26.81it/s]
accuracy: 0.9494, loss: 0.1442 ||:  43%|####3     | 58/134 [00:00<00:02, 34.79it/s]
accuracy: 0.9455, loss: 0.1547 ||:  52%|#####2    | 70/134 [00:00<00:01, 44.00it/s]
accuracy: 0.9443, loss: 0.1548 ||:  60%|######    | 81/134 [00:00<00:01, 44.61it/s]
accuracy: 0.9458, loss: 0.1520 ||:  68%|######7   | 91/134 [00:01<00:00, 51.09it/s]
accuracy: 0.9455, loss: 0.1530 ||:  75%|#######4  | 100/134 [00:01<00:00, 53.71it/s]
accuracy: 0.9456, loss: 0.1532 ||:  81%|########1 | 109/134 [00:01<00:00, 60.76it/s]
accuracy: 0.9452, loss: 0.1559 ||:  90%|######### | 121/134 [00:01<00:00, 69.79it/s]
accuracy: 0.9445, loss: 0.1575 ||:  97%|#########7| 130/134 [00:01<00:00, 62.40it/s]
accuracy: 0.9448, loss: 0.1572 ||: 100%|##########| 134/134 [00:01<00:00, 75.28it/s]

  0%|          | 0/17 [00:00<?, ?it/s]
accuracy: 0.7542, loss: 0.6291 ||:  88%|########8 | 15/17 [00:00<00:00, 149.25it/s]
accuracy: 0.7570, loss: 0.6210 ||: 100%|##########| 17/17 [00:00<00:00, 153.23it/s]

  0%|          | 0/134 [00:00<?, ?it/s]
accuracy: 0.9531, loss: 0.1636 ||:   1%|          | 1/134 [00:00<00:19,  6.67it/s]
accuracy: 0.9792, loss: 0.0830 ||:   4%|4         | 6/134 [00:00<00:14,  8.93it/s]
accuracy: 0.9716, loss: 0.0953 ||:   8%|8         | 11/134 [00:00<00:10, 11.84it/s]
accuracy: 0.9784, loss: 0.0778 ||:  16%|#5        | 21/134 [00:00<00:07, 16.06it/s]
accuracy: 0.9802, loss: 0.0734 ||:  19%|#9        | 26/134 [00:00<00:05, 19.69it/s]
accuracy: 0.9795, loss: 0.0697 ||:  24%|##3       | 32/134 [00:00<00:04, 24.31it/s]
accuracy: 0.9796, loss: 0.0725 ||:  29%|##9       | 39/134 [00:00<00:03, 30.19it/s]
accuracy: 0.9784, loss: 0.0770 ||:  37%|###7      | 50/134 [00:00<00:02, 38.26it/s]
accuracy: 0.9767, loss: 0.0765 ||:  46%|####5     | 61/134 [00:01<00:01, 47.17it/s]
accuracy: 0.9755, loss: 0.0804 ||:  51%|#####1    | 69/134 [00:01<00:01, 52.51it/s]
accuracy: 0.9741, loss: 0.0835 ||:  61%|######1   | 82/134 [00:01<00:00, 63.69it/s]
accuracy: 0.9752, loss: 0.0794 ||:  70%|#######   | 94/134 [00:01<00:00, 73.64it/s]
accuracy: 0.9750, loss: 0.0806 ||:  78%|#######7  | 104/134 [00:01<00:00, 77.00it/s]
accuracy: 0.9761, loss: 0.0785 ||:  87%|########6 | 116/134 [00:01<00:00, 85.70it/s]
accuracy: 0.9750, loss: 0.0823 ||:  96%|#########5| 128/134 [00:01<00:00, 93.62it/s]
accuracy: 0.9749, loss: 0.0821 ||: 100%|##########| 134/134 [00:01<00:00, 78.46it/s]

  0%|          | 0/17 [00:00<?, ?it/s]
accuracy: 0.7559, loss: 0.7760 ||:  47%|####7     | 8/17 [00:00<00:00, 77.73it/s]
accuracy: 0.7636, loss: 0.8026 ||: 100%|##########| 17/17 [00:00<00:00, 88.48it/s]

  0%|          | 0/134 [00:00<?, ?it/s]
accuracy: 0.9844, loss: 0.0711 ||:   1%|          | 1/134 [00:00<00:17,  7.47it/s]
accuracy: 0.9922, loss: 0.0491 ||:   9%|8         | 12/134 [00:00<00:11, 10.34it/s]
accuracy: 0.9934, loss: 0.0429 ||:  14%|#4        | 19/134 [00:00<00:08, 13.87it/s]
accuracy: 0.9938, loss: 0.0393 ||:  22%|##2       | 30/134 [00:00<00:05, 18.67it/s]
accuracy: 0.9939, loss: 0.0368 ||:  27%|##6       | 36/134 [00:00<00:04, 23.41it/s]
accuracy: 0.9938, loss: 0.0357 ||:  34%|###3      | 45/134 [00:00<00:02, 29.99it/s]
accuracy: 0.9925, loss: 0.0396 ||:  42%|####1     | 56/134 [00:00<00:02, 38.03it/s]
accuracy: 0.9920, loss: 0.0396 ||:  49%|####9     | 66/134 [00:00<00:01, 46.26it/s]
accuracy: 0.9910, loss: 0.0402 ||:  58%|#####8    | 78/134 [00:00<00:00, 56.54it/s]
accuracy: 0.9903, loss: 0.0398 ||:  67%|######7   | 90/134 [00:01<00:00, 66.78it/s]
accuracy: 0.9894, loss: 0.0404 ||:  76%|#######6  | 102/134 [00:01<00:00, 76.93it/s]
accuracy: 0.9882, loss: 0.0419 ||:  85%|########5 | 114/134 [00:01<00:00, 85.80it/s]
accuracy: 0.9873, loss: 0.0435 ||:  93%|#########3| 125/134 [00:01<00:00, 74.49it/s]
accuracy: 0.9865, loss: 0.0447 ||: 100%|##########| 134/134 [00:01<00:00, 83.55it/s]

  0%|          | 0/17 [00:00<?, ?it/s]
accuracy: 0.7589, loss: 1.0103 ||: 100%|##########| 17/17 [00:00<00:00, 180.33it/s]

  0%|          | 0/134 [00:00<?, ?it/s]
accuracy: 1.0000, loss: 0.0018 ||:   1%|          | 1/134 [00:00<00:16,  8.24it/s]
accuracy: 0.9969, loss: 0.0198 ||:   7%|7         | 10/134 [00:00<00:10, 11.30it/s]
accuracy: 0.9945, loss: 0.0259 ||:  13%|#2        | 17/134 [00:00<00:07, 14.99it/s]
accuracy: 0.9951, loss: 0.0236 ||:  17%|#7        | 23/134 [00:00<00:05, 19.30it/s]
accuracy: 0.9954, loss: 0.0240 ||:  23%|##3       | 31/134 [00:00<00:04, 24.92it/s]
accuracy: 0.9941, loss: 0.0231 ||:  32%|###2      | 43/134 [00:00<00:02, 32.59it/s]
accuracy: 0.9942, loss: 0.0243 ||:  41%|####1     | 55/134 [00:00<00:01, 41.38it/s]
accuracy: 0.9936, loss: 0.0246 ||:  50%|#####     | 67/134 [00:00<00:01, 51.37it/s]
accuracy: 0.9934, loss: 0.0263 ||:  57%|#####7    | 77/134 [00:00<00:00, 59.93it/s]
accuracy: 0.9936, loss: 0.0258 ||:  66%|######6   | 89/134 [00:01<00:00, 70.52it/s]
accuracy: 0.9931, loss: 0.0270 ||:  75%|#######4  | 100/134 [00:01<00:00, 67.53it/s]
accuracy: 0.9933, loss: 0.0267 ||:  82%|########2 | 110/134 [00:01<00:00, 71.91it/s]
accuracy: 0.9932, loss: 0.0265 ||:  90%|######### | 121/134 [00:01<00:00, 80.10it/s]
accuracy: 0.9934, loss: 0.0262 ||:  98%|#########7| 131/134 [00:01<00:00, 84.35it/s]
accuracy: 0.9936, loss: 0.0257 ||: 100%|##########| 134/134 [00:01<00:00, 83.08it/s]

  0%|          | 0/17 [00:00<?, ?it/s]
accuracy: 0.7580, loss: 1.2696 ||: 100%|##########| 17/17 [00:00<00:00, 165.71it/s]

  0%|          | 0/134 [00:00<?, ?it/s]
accuracy: 1.0000, loss: 0.0045 ||:   1%|          | 1/134 [00:00<00:19,  6.80it/s]
accuracy: 0.9974, loss: 0.0211 ||:   4%|4         | 6/134 [00:00<00:13,  9.15it/s]
accuracy: 0.9964, loss: 0.0220 ||:  10%|9         | 13/134 [00:00<00:09, 12.30it/s]
accuracy: 0.9963, loss: 0.0181 ||:  16%|#5        | 21/134 [00:00<00:06, 16.48it/s]
accuracy: 0.9958, loss: 0.0168 ||:  22%|##2       | 30/134 [00:00<00:04, 21.82it/s]
accuracy: 0.9953, loss: 0.0214 ||:  32%|###2      | 43/134 [00:00<00:03, 28.96it/s]
accuracy: 0.9947, loss: 0.0235 ||:  42%|####1     | 56/134 [00:00<00:02, 37.41it/s]
accuracy: 0.9947, loss: 0.0240 ||:  49%|####8     | 65/134 [00:00<00:01, 45.05it/s]
accuracy: 0.9952, loss: 0.0228 ||:  58%|#####8    | 78/134 [00:01<00:01, 54.39it/s]
accuracy: 0.9950, loss: 0.0217 ||:  66%|######5   | 88/134 [00:01<00:00, 53.46it/s]
accuracy: 0.9946, loss: 0.0217 ||:  75%|#######4  | 100/134 [00:01<00:00, 63.59it/s]
accuracy: 0.9946, loss: 0.0215 ||:  82%|########2 | 110/134 [00:01<00:00, 71.35it/s]
accuracy: 0.9944, loss: 0.0225 ||:  90%|########9 | 120/134 [00:01<00:00, 73.28it/s]
accuracy: 0.9946, loss: 0.0217 ||:  96%|#########6| 129/134 [00:01<00:00, 74.94it/s]
accuracy: 0.9947, loss: 0.0212 ||: 100%|##########| 134/134 [00:01<00:00, 77.89it/s]

  0%|          | 0/17 [00:00<?, ?it/s]
accuracy: 0.7561, loss: 1.2614 ||: 100%|##########| 17/17 [00:00<00:00, 181.38it/s]

  0%|          | 0/134 [00:00<?, ?it/s]
accuracy: 1.0000, loss: 0.0087 ||:   1%|          | 1/134 [00:00<00:18,  7.18it/s]
accuracy: 0.9978, loss: 0.0151 ||:   5%|5         | 7/134 [00:00<00:13,  9.73it/s]
accuracy: 0.9969, loss: 0.0202 ||:  11%|#1        | 15/134 [00:00<00:09, 13.10it/s]
accuracy: 0.9965, loss: 0.0191 ||:  20%|##        | 27/134 [00:00<00:06, 17.81it/s]
accuracy: 0.9972, loss: 0.0174 ||:  25%|##4       | 33/134 [00:00<00:04, 22.29it/s]
accuracy: 0.9979, loss: 0.0132 ||:  34%|###3      | 45/134 [00:00<00:03, 29.33it/s]
accuracy: 0.9972, loss: 0.0131 ||:  43%|####2     | 57/134 [00:00<00:02, 37.81it/s]
accuracy: 0.9970, loss: 0.0134 ||:  51%|#####1    | 69/134 [00:00<00:01, 47.29it/s]
accuracy: 0.9969, loss: 0.0132 ||:  60%|######    | 81/134 [00:01<00:00, 57.57it/s]
accuracy: 0.9968, loss: 0.0151 ||:  70%|#######   | 94/134 [00:01<00:00, 68.25it/s]
accuracy: 0.9970, loss: 0.0144 ||:  79%|#######9  | 106/134 [00:01<00:00, 77.85it/s]
accuracy: 0.9970, loss: 0.0144 ||:  87%|########7 | 117/134 [00:01<00:00, 64.45it/s]
accuracy: 0.9967, loss: 0.0148 ||:  95%|#########4| 127/134 [00:01<00:00, 64.33it/s]
accuracy: 0.9962, loss: 0.0154 ||: 100%|##########| 134/134 [00:01<00:00, 79.61it/s]

  0%|          | 0/17 [00:00<?, ?it/s]
accuracy: 0.7565, loss: 1.1700 ||:  71%|#######   | 12/17 [00:00<00:00, 113.61it/s]
accuracy: 0.7617, loss: 1.1515 ||: 100%|##########| 17/17 [00:00<00:00, 124.22it/s]

  0%|          | 0/134 [00:00<?, ?it/s]
accuracy: 1.0000, loss: 0.0018 ||:   1%|          | 1/134 [00:00<00:18,  7.33it/s]
accuracy: 0.9974, loss: 0.0167 ||:   9%|8         | 12/134 [00:00<00:12, 10.16it/s]
accuracy: 0.9962, loss: 0.0191 ||:  19%|#8        | 25/134 [00:00<00:07, 14.01it/s]
accuracy: 0.9966, loss: 0.0163 ||:  28%|##7       | 37/134 [00:00<00:05, 19.04it/s]
accuracy: 0.9969, loss: 0.0145 ||:  34%|###3      | 45/134 [00:00<00:03, 24.49it/s]
accuracy: 0.9959, loss: 0.0193 ||:  43%|####2     | 57/134 [00:00<00:02, 32.17it/s]
accuracy: 0.9956, loss: 0.0193 ||:  51%|#####     | 68/134 [00:00<00:01, 40.60it/s]
accuracy: 0.9957, loss: 0.0190 ||:  60%|#####9    | 80/134 [00:00<00:01, 50.36it/s]
accuracy: 0.9959, loss: 0.0178 ||:  69%|######8   | 92/134 [00:00<00:00, 60.12it/s]
accuracy: 0.9960, loss: 0.0171 ||:  77%|#######6  | 103/134 [00:01<00:00, 66.12it/s]
accuracy: 0.9964, loss: 0.0156 ||:  86%|########5 | 115/134 [00:01<00:00, 75.11it/s]
accuracy: 0.9960, loss: 0.0159 ||:  95%|#########4| 127/134 [00:01<00:00, 83.79it/s]
accuracy: 0.9961, loss: 0.0154 ||: 100%|##########| 134/134 [00:01<00:00, 96.99it/s]

  0%|          | 0/17 [00:00<?, ?it/s]
accuracy: 0.7438, loss: 1.1514 ||:  29%|##9       | 5/17 [00:00<00:00, 45.41it/s]
accuracy: 0.7542, loss: 1.3727 ||: 100%|##########| 17/17 [00:00<00:00, 96.35it/s]

  0%|          | 0/134 [00:00<?, ?it/s]
accuracy: 1.0000, loss: 0.0006 ||:   1%|          | 1/134 [00:00<00:15,  8.48it/s]
accuracy: 0.9972, loss: 0.0100 ||:   8%|8         | 11/134 [00:00<00:10, 11.67it/s]
accuracy: 0.9959, loss: 0.0165 ||:  17%|#7        | 23/134 [00:00<00:06, 15.98it/s]
accuracy: 0.9970, loss: 0.0125 ||:  27%|##6       | 36/134 [00:00<00:04, 21.58it/s]
accuracy: 0.9974, loss: 0.0128 ||:  36%|###5      | 48/134 [00:00<00:03, 28.59it/s]
accuracy: 0.9976, loss: 0.0107 ||:  45%|####4     | 60/134 [00:00<00:02, 36.47it/s]
accuracy: 0.9978, loss: 0.0096 ||:  54%|#####3    | 72/134 [00:00<00:01, 45.74it/s]
accuracy: 0.9981, loss: 0.0087 ||:  61%|######1   | 82/134 [00:00<00:00, 54.63it/s]
accuracy: 0.9980, loss: 0.0091 ||:  70%|#######   | 94/134 [00:00<00:00, 64.64it/s]
accuracy: 0.9979, loss: 0.0096 ||:  79%|#######9  | 106/134 [00:01<00:00, 74.77it/s]
accuracy: 0.9977, loss: 0.0101 ||:  88%|########8 | 118/134 [00:01<00:00, 83.82it/s]
accuracy: 0.9975, loss: 0.0114 ||:  97%|#########7| 130/134 [00:01<00:00, 88.65it/s]
accuracy: 0.9973, loss: 0.0116 ||: 100%|##########| 134/134 [00:01<00:00, 99.00it/s]

  0%|          | 0/17 [00:00<?, ?it/s]
accuracy: 0.7392, loss: 1.3915 ||: 100%|##########| 17/17 [00:00<00:00, 174.87it/s]

  0%|          | 0/134 [00:00<?, ?it/s]
accuracy: 1.0000, loss: 0.0047 ||:   1%|          | 1/134 [00:00<00:19,  6.78it/s]
accuracy: 1.0000, loss: 0.0058 ||:   6%|5         | 8/134 [00:00<00:13,  9.28it/s]
accuracy: 0.9975, loss: 0.0074 ||:  14%|#4        | 19/134 [00:00<00:09, 12.77it/s]
accuracy: 0.9973, loss: 0.0091 ||:  22%|##1       | 29/134 [00:00<00:06, 17.24it/s]
accuracy: 0.9974, loss: 0.0094 ||:  31%|###1      | 42/134 [00:00<00:03, 23.21it/s]
accuracy: 0.9974, loss: 0.0111 ||:  41%|####1     | 55/134 [00:00<00:02, 30.61it/s]
accuracy: 0.9977, loss: 0.0096 ||:  50%|#####     | 67/134 [00:00<00:01, 39.15it/s]
accuracy: 0.9980, loss: 0.0087 ||:  59%|#####8    | 79/134 [00:00<00:01, 48.54it/s]
accuracy: 0.9981, loss: 0.0093 ||:  67%|######7   | 90/134 [00:01<00:00, 52.02it/s]
accuracy: 0.9983, loss: 0.0086 ||:  74%|#######3  | 99/134 [00:01<00:00, 56.24it/s]
accuracy: 0.9983, loss: 0.0079 ||:  83%|########2 | 111/134 [00:01<00:00, 66.74it/s]
accuracy: 0.9982, loss: 0.0081 ||:  92%|#########1| 123/134 [00:01<00:00, 76.63it/s]
accuracy: 0.9980, loss: 0.0088 ||: 100%|##########| 134/134 [00:01<00:00, 82.83it/s]

  0%|          | 0/17 [00:00<?, ?it/s]
accuracy: 0.7458, loss: 1.5597 ||: 100%|##########| 17/17 [00:00<00:00, 170.71it/s]

  0%|          | 0/134 [00:00<?, ?it/s]
accuracy: 1.0000, loss: 0.0007 ||:   1%|          | 1/134 [00:00<00:34,  3.88it/s]
accuracy: 1.0000, loss: 0.0013 ||:   9%|8         | 12/134 [00:00<00:22,  5.45it/s]
accuracy: 0.9993, loss: 0.0069 ||:  17%|#7        | 23/134 [00:00<00:14,  7.60it/s]
accuracy: 0.9995, loss: 0.0052 ||:  25%|##5       | 34/134 [00:00<00:09, 10.52it/s]
accuracy: 0.9993, loss: 0.0069 ||:  34%|###3      | 45/134 [00:00<00:06, 14.44it/s]
accuracy: 0.9991, loss: 0.0066 ||:  41%|####1     | 55/134 [00:00<00:04, 19.39it/s]
accuracy: 0.9993, loss: 0.0057 ||:  49%|####9     | 66/134 [00:00<00:02, 25.70it/s]
accuracy: 0.9990, loss: 0.0060 ||:  58%|#####8    | 78/134 [00:00<00:01, 33.49it/s]
accuracy: 0.9991, loss: 0.0054 ||:  66%|######6   | 89/134 [00:01<00:01, 42.29it/s]
accuracy: 0.9991, loss: 0.0054 ||:  75%|#######4  | 100/134 [00:01<00:00, 51.34it/s]
accuracy: 0.9989, loss: 0.0055 ||:  84%|########3 | 112/134 [00:01<00:00, 61.70it/s]
accuracy: 0.9984, loss: 0.0077 ||:  93%|#########3| 125/134 [00:01<00:00, 72.08it/s]
accuracy: 0.9982, loss: 0.0076 ||: 100%|##########| 134/134 [00:01<00:00, 89.53it/s]

  0%|          | 0/17 [00:00<?, ?it/s]
accuracy: 0.7486, loss: 1.4831 ||: 100%|##########| 17/17 [00:00<00:00, 186.49it/s]

  0%|          | 0/134 [00:00<?, ?it/s]
accuracy: 1.0000, loss: 0.0005 ||:   1%|          | 1/134 [00:00<00:14,  9.47it/s]
accuracy: 0.9979, loss: 0.0041 ||:  11%|#1        | 15/134 [00:00<00:09, 13.13it/s]
accuracy: 0.9988, loss: 0.0037 ||:  19%|#8        | 25/134 [00:00<00:06, 17.66it/s]
accuracy: 0.9987, loss: 0.0037 ||:  27%|##6       | 36/134 [00:00<00:04, 23.56it/s]
accuracy: 0.9987, loss: 0.0039 ||:  36%|###5      | 48/134 [00:00<00:02, 30.80it/s]
accuracy: 0.9984, loss: 0.0047 ||:  43%|####3     | 58/134 [00:00<00:01, 38.77it/s]
accuracy: 0.9984, loss: 0.0048 ||:  51%|#####1    | 69/134 [00:00<00:01, 47.57it/s]
accuracy: 0.9987, loss: 0.0043 ||:  61%|######1   | 82/134 [00:00<00:00, 58.09it/s]
accuracy: 0.9982, loss: 0.0063 ||:  70%|#######   | 94/134 [00:00<00:00, 68.23it/s]
accuracy: 0.9980, loss: 0.0080 ||:  80%|#######9  | 107/134 [00:01<00:00, 78.79it/s]
accuracy: 0.9980, loss: 0.0082 ||:  89%|########8 | 119/134 [00:01<00:00, 86.41it/s]
accuracy: 0.9978, loss: 0.0082 ||:  98%|#########7| 131/134 [00:01<00:00, 93.76it/s]
accuracy: 0.9979, loss: 0.0081 ||: 100%|##########| 134/134 [00:01<00:00, 103.14it/s]

  0%|          | 0/17 [00:00<?, ?it/s]
accuracy: 0.7542, loss: 1.6303 ||: 100%|##########| 17/17 [00:00<00:00, 197.21it/s]

  0%|          | 0/134 [00:00<?, ?it/s]
accuracy: 1.0000, loss: 0.0004 ||:   1%|          | 1/134 [00:00<00:16,  7.91it/s]
accuracy: 0.9984, loss: 0.0040 ||:   7%|7         | 10/134 [00:00<00:11, 10.89it/s]
accuracy: 0.9993, loss: 0.0022 ||:  16%|#6        | 22/134 [00:00<00:07, 14.96it/s]
accuracy: 0.9991, loss: 0.0025 ||:  25%|##4       | 33/134 [00:00<00:05, 20.16it/s]
accuracy: 0.9993, loss: 0.0020 ||:  34%|###3      | 45/134 [00:00<00:03, 26.79it/s]
accuracy: 0.9995, loss: 0.0018 ||:  43%|####2     | 57/134 [00:00<00:02, 34.79it/s]
accuracy: 0.9993, loss: 0.0027 ||:  50%|#####     | 67/134 [00:00<00:01, 42.43it/s]
accuracy: 0.9990, loss: 0.0031 ||:  57%|#####7    | 77/134 [00:00<00:01, 50.54it/s]
accuracy: 0.9988, loss: 0.0037 ||:  66%|######6   | 89/134 [00:00<00:00, 60.94it/s]
accuracy: 0.9988, loss: 0.0046 ||:  75%|#######5  | 101/134 [00:01<00:00, 70.94it/s]
accuracy: 0.9983, loss: 0.0050 ||:  84%|########4 | 113/134 [00:01<00:00, 79.63it/s]
accuracy: 0.9981, loss: 0.0062 ||:  93%|#########2| 124/134 [00:01<00:00, 85.22it/s]
accuracy: 0.9981, loss: 0.0064 ||: 100%|##########| 134/134 [00:01<00:00, 96.53it/s]

  0%|          | 0/17 [00:00<?, ?it/s]
accuracy: 0.7598, loss: 1.5678 ||: 100%|##########| 17/17 [00:00<00:00, 195.35it/s]

