0it [00:00, ?it/s]
2911it [00:00, 21460.44it/s]
5485it [00:00, 22056.70it/s]
8073it [00:00, 21811.46it/s]
8529it [00:00, 22711.74it/s]

0it [00:00, ?it/s]
1066it [00:00, 49510.86it/s]

  0%|          | 0/9595 [00:00<?, ?it/s]
 53%|#####2    | 5079/9595 [00:00<00:00, 50787.99it/s]
100%|##########| 9595/9595 [00:00<00:00, 50818.64it/s]

  0%|          | 0/134 [00:00<?, ?it/s]
accuracy: 0.5938, loss: 0.6902 ||:   1%|          | 1/134 [00:00<01:15,  1.76it/s]
accuracy: 0.4727, loss: 0.6952 ||:   3%|2         | 4/134 [00:00<00:53,  2.44it/s]
accuracy: 0.5000, loss: 0.6939 ||:   5%|5         | 7/134 [00:00<00:37,  3.37it/s]
accuracy: 0.5099, loss: 0.6934 ||:   8%|8         | 11/134 [00:00<00:26,  4.58it/s]
accuracy: 0.5083, loss: 0.6934 ||:  11%|#1        | 15/134 [00:01<00:19,  6.12it/s]
accuracy: 0.5017, loss: 0.6936 ||:  13%|#3        | 18/134 [00:01<00:14,  7.97it/s]
accuracy: 0.4981, loss: 0.6936 ||:  16%|#5        | 21/134 [00:01<00:11, 10.06it/s]
accuracy: 0.5003, loss: 0.6935 ||:  18%|#7        | 24/134 [00:01<00:08, 12.44it/s]
accuracy: 0.4979, loss: 0.6935 ||:  20%|##        | 27/134 [00:01<00:07, 14.92it/s]
accuracy: 0.5013, loss: 0.6935 ||:  22%|##2       | 30/134 [00:01<00:05, 17.40it/s]
accuracy: 0.4944, loss: 0.6935 ||:  25%|##4       | 33/134 [00:01<00:05, 19.07it/s]
accuracy: 0.4953, loss: 0.6935 ||:  27%|##6       | 36/134 [00:01<00:04, 20.98it/s]
accuracy: 0.4924, loss: 0.6935 ||:  29%|##9       | 39/134 [00:01<00:04, 22.19it/s]
accuracy: 0.4972, loss: 0.6934 ||:  31%|###1      | 42/134 [00:02<00:03, 23.68it/s]
accuracy: 0.4963, loss: 0.6934 ||:  34%|###3      | 45/134 [00:02<00:03, 24.43it/s]
accuracy: 0.4985, loss: 0.6934 ||:  36%|###5      | 48/134 [00:02<00:03, 24.85it/s]
accuracy: 0.4967, loss: 0.6934 ||:  38%|###8      | 51/134 [00:02<00:03, 25.84it/s]
accuracy: 0.4973, loss: 0.6934 ||:  41%|####1     | 55/134 [00:02<00:02, 27.61it/s]
accuracy: 0.4969, loss: 0.6934 ||:  43%|####3     | 58/134 [00:02<00:02, 26.95it/s]
accuracy: 0.4944, loss: 0.6934 ||:  46%|####5     | 61/134 [00:02<00:02, 26.08it/s]
accuracy: 0.4943, loss: 0.6934 ||:  49%|####8     | 65/134 [00:02<00:02, 26.57it/s]
accuracy: 0.4944, loss: 0.6934 ||:  51%|#####1    | 69/134 [00:03<00:02, 27.43it/s]
accuracy: 0.4968, loss: 0.6934 ||:  54%|#####3    | 72/134 [00:03<00:02, 27.55it/s]
accuracy: 0.4988, loss: 0.6933 ||:  56%|#####5    | 75/134 [00:03<00:02, 27.14it/s]
accuracy: 0.5021, loss: 0.6933 ||:  58%|#####8    | 78/134 [00:03<00:02, 26.52it/s]
accuracy: 0.5009, loss: 0.6933 ||:  60%|######    | 81/134 [00:03<00:01, 26.65it/s]
accuracy: 0.5012, loss: 0.6933 ||:  63%|######3   | 85/134 [00:03<00:01, 27.62it/s]
accuracy: 0.5022, loss: 0.6933 ||:  66%|######5   | 88/134 [00:03<00:01, 27.27it/s]
accuracy: 0.5018, loss: 0.6933 ||:  68%|######7   | 91/134 [00:03<00:01, 27.35it/s]
accuracy: 0.5013, loss: 0.6933 ||:  70%|#######   | 94/134 [00:03<00:01, 27.07it/s]
accuracy: 0.5022, loss: 0.6933 ||:  72%|#######2  | 97/134 [00:04<00:01, 26.67it/s]
accuracy: 0.5024, loss: 0.6933 ||:  75%|#######4  | 100/134 [00:04<00:02, 13.63it/s]
accuracy: 0.5031, loss: 0.6932 ||:  78%|#######7  | 104/134 [00:04<00:01, 16.33it/s]
accuracy: 0.5026, loss: 0.6932 ||:  80%|#######9  | 107/134 [00:04<00:01, 18.78it/s]
accuracy: 0.5025, loss: 0.6932 ||:  82%|########2 | 110/134 [00:04<00:01, 20.55it/s]
accuracy: 0.5033, loss: 0.6932 ||:  84%|########4 | 113/134 [00:05<00:00, 21.93it/s]
accuracy: 0.5014, loss: 0.6932 ||:  87%|########6 | 116/134 [00:05<00:00, 22.74it/s]
accuracy: 0.5017, loss: 0.6932 ||:  89%|########8 | 119/134 [00:05<00:00, 23.11it/s]
accuracy: 0.5026, loss: 0.6932 ||:  92%|#########1| 123/134 [00:05<00:00, 24.92it/s]
accuracy: 0.5024, loss: 0.6932 ||:  94%|#########4| 126/134 [00:05<00:00, 25.25it/s]
accuracy: 0.5032, loss: 0.6932 ||:  96%|#########6| 129/134 [00:05<00:00, 25.62it/s]
accuracy: 0.5022, loss: 0.6932 ||:  99%|#########8| 132/134 [00:05<00:00, 25.98it/s]
accuracy: 0.5013, loss: 0.6932 ||: 100%|##########| 134/134 [00:05<00:00, 23.02it/s]

  0%|          | 0/17 [00:00<?, ?it/s]
accuracy: 0.4609, loss: 0.6932 ||:  12%|#1        | 2/17 [00:00<00:00, 19.05it/s]
accuracy: 0.4818, loss: 0.6930 ||:  35%|###5      | 6/17 [00:00<00:00, 22.59it/s]
accuracy: 0.5016, loss: 0.6925 ||:  59%|#####8    | 10/17 [00:00<00:00, 25.96it/s]
accuracy: 0.5056, loss: 0.6925 ||:  82%|########2 | 14/17 [00:00<00:00, 28.67it/s]
accuracy: 0.5019, loss: 0.6927 ||: 100%|##########| 17/17 [00:00<00:00, 34.24it/s]

  0%|          | 0/134 [00:00<?, ?it/s]
accuracy: 0.5156, loss: 0.6920 ||:   1%|          | 1/134 [00:00<00:21,  6.15it/s]
accuracy: 0.4727, loss: 0.6932 ||:   3%|2         | 4/134 [00:00<00:16,  8.02it/s]
accuracy: 0.4888, loss: 0.6930 ||:   5%|5         | 7/134 [00:00<00:12, 10.09it/s]
accuracy: 0.4734, loss: 0.6934 ||:   7%|7         | 10/134 [00:00<00:09, 12.40it/s]
accuracy: 0.4976, loss: 0.6929 ||:  10%|9         | 13/134 [00:00<00:08, 14.87it/s]
accuracy: 0.4922, loss: 0.6928 ||:  12%|#1        | 16/134 [00:00<00:06, 17.09it/s]
accuracy: 0.4942, loss: 0.6927 ||:  14%|#4        | 19/134 [00:00<00:05, 19.40it/s]
accuracy: 0.5028, loss: 0.6926 ||:  16%|#6        | 22/134 [00:00<00:05, 21.58it/s]
accuracy: 0.5181, loss: 0.6925 ||:  19%|#8        | 25/134 [00:01<00:04, 23.51it/s]
accuracy: 0.5223, loss: 0.6924 ||:  21%|##        | 28/134 [00:01<00:04, 24.59it/s]
accuracy: 0.5212, loss: 0.6923 ||:  23%|##3       | 31/134 [00:01<00:04, 25.60it/s]
accuracy: 0.5198, loss: 0.6922 ||:  25%|##5       | 34/134 [00:01<00:03, 25.99it/s]
accuracy: 0.5186, loss: 0.6923 ||:  28%|##7       | 37/134 [00:01<00:03, 26.08it/s]
accuracy: 0.5176, loss: 0.6922 ||:  30%|##9       | 40/134 [00:01<00:03, 25.97it/s]
accuracy: 0.5142, loss: 0.6924 ||:  32%|###2      | 43/134 [00:01<00:03, 26.62it/s]
accuracy: 0.5126, loss: 0.6924 ||:  34%|###4      | 46/134 [00:01<00:03, 26.25it/s]
accuracy: 0.5118, loss: 0.6924 ||:  37%|###6      | 49/134 [00:01<00:03, 26.94it/s]
accuracy: 0.5159, loss: 0.6923 ||:  39%|###8      | 52/134 [00:02<00:02, 27.49it/s]
accuracy: 0.5142, loss: 0.6922 ||:  41%|####1     | 55/134 [00:02<00:02, 27.01it/s]
accuracy: 0.5143, loss: 0.6921 ||:  43%|####3     | 58/134 [00:02<00:02, 26.15it/s]
accuracy: 0.5138, loss: 0.6920 ||:  46%|####5     | 61/134 [00:02<00:02, 26.25it/s]
accuracy: 0.5134, loss: 0.6920 ||:  48%|####7     | 64/134 [00:02<00:02, 25.72it/s]
accuracy: 0.5117, loss: 0.6921 ||:  50%|#####     | 67/134 [00:02<00:04, 13.64it/s]
accuracy: 0.5085, loss: 0.6921 ||:  52%|#####2    | 70/134 [00:03<00:04, 15.95it/s]
accuracy: 0.5126, loss: 0.6919 ||:  54%|#####4    | 73/134 [00:03<00:03, 17.96it/s]
accuracy: 0.5119, loss: 0.6919 ||:  57%|#####6    | 76/134 [00:03<00:02, 19.82it/s]
accuracy: 0.5105, loss: 0.6920 ||:  59%|#####8    | 79/134 [00:03<00:02, 21.17it/s]
accuracy: 0.5119, loss: 0.6917 ||:  62%|######1   | 83/134 [00:03<00:02, 23.00it/s]
accuracy: 0.5124, loss: 0.6916 ||:  64%|######4   | 86/134 [00:03<00:02, 23.40it/s]
accuracy: 0.5137, loss: 0.6914 ||:  66%|######6   | 89/134 [00:03<00:01, 24.87it/s]
accuracy: 0.5141, loss: 0.6913 ||:  69%|######8   | 92/134 [00:03<00:01, 26.11it/s]
accuracy: 0.5194, loss: 0.6908 ||:  71%|#######   | 95/134 [00:03<00:01, 26.68it/s]
accuracy: 0.5233, loss: 0.6903 ||:  73%|#######3  | 98/134 [00:04<00:01, 26.97it/s]
accuracy: 0.5261, loss: 0.6900 ||:  75%|#######5  | 101/134 [00:04<00:01, 27.60it/s]
accuracy: 0.5285, loss: 0.6896 ||:  78%|#######7  | 104/134 [00:04<00:01, 27.18it/s]
accuracy: 0.5275, loss: 0.6895 ||:  80%|#######9  | 107/134 [00:04<00:01, 26.50it/s]
accuracy: 0.5295, loss: 0.6891 ||:  82%|########2 | 110/134 [00:04<00:00, 27.11it/s]
accuracy: 0.5322, loss: 0.6886 ||:  84%|########4 | 113/134 [00:04<00:00, 27.27it/s]
accuracy: 0.5340, loss: 0.6881 ||:  87%|########6 | 116/134 [00:04<00:00, 28.02it/s]
accuracy: 0.5377, loss: 0.6873 ||:  89%|########8 | 119/134 [00:04<00:00, 27.50it/s]
accuracy: 0.5414, loss: 0.6862 ||:  91%|#########1| 122/134 [00:04<00:00, 27.84it/s]
accuracy: 0.5421, loss: 0.6858 ||:  93%|#########3| 125/134 [00:05<00:00, 27.51it/s]
accuracy: 0.5425, loss: 0.6856 ||:  96%|#########5| 128/134 [00:05<00:00, 26.40it/s]
accuracy: 0.5434, loss: 0.6850 ||:  98%|#########7| 131/134 [00:05<00:00, 26.36it/s]
accuracy: 0.5459, loss: 0.6841 ||: 100%|##########| 134/134 [00:05<00:00, 25.83it/s]

  0%|          | 0/17 [00:00<?, ?it/s]
accuracy: 0.6328, loss: 0.6296 ||:  24%|##3       | 4/17 [00:00<00:00, 33.98it/s]
accuracy: 0.6152, loss: 0.6459 ||:  47%|####7     | 8/17 [00:00<00:00, 35.32it/s]
accuracy: 0.5924, loss: 0.6622 ||:  71%|#######   | 12/17 [00:00<00:00, 35.82it/s]
accuracy: 0.5898, loss: 0.6646 ||:  94%|#########4| 16/17 [00:00<00:00, 36.48it/s]
accuracy: 0.5901, loss: 0.6648 ||: 100%|##########| 17/17 [00:00<00:00, 37.01it/s]

  0%|          | 0/134 [00:00<?, ?it/s]
accuracy: 0.5000, loss: 0.7347 ||:   1%|          | 1/134 [00:00<00:20,  6.50it/s]
accuracy: 0.5703, loss: 0.6802 ||:   3%|2         | 4/134 [00:00<00:15,  8.41it/s]
accuracy: 0.5737, loss: 0.6661 ||:   5%|5         | 7/134 [00:00<00:12, 10.56it/s]
accuracy: 0.6037, loss: 0.6509 ||:   8%|8         | 11/134 [00:00<00:09, 13.23it/s]
accuracy: 0.6038, loss: 0.6559 ||:  10%|#         | 14/134 [00:00<00:07, 15.49it/s]
accuracy: 0.6029, loss: 0.6527 ||:  13%|#2        | 17/134 [00:00<00:06, 18.01it/s]
accuracy: 0.6008, loss: 0.6555 ||:  15%|#4        | 20/134 [00:00<00:05, 20.07it/s]
accuracy: 0.6026, loss: 0.6535 ||:  17%|#7        | 23/134 [00:00<00:05, 21.76it/s]
accuracy: 0.6040, loss: 0.6509 ||:  19%|#9        | 26/134 [00:01<00:04, 23.54it/s]
accuracy: 0.6045, loss: 0.6504 ||:  22%|##1       | 29/134 [00:01<00:04, 23.76it/s]
accuracy: 0.6064, loss: 0.6506 ||:  24%|##3       | 32/134 [00:01<00:07, 13.15it/s]
accuracy: 0.6121, loss: 0.6468 ||:  26%|##6       | 35/134 [00:01<00:06, 15.70it/s]
accuracy: 0.6094, loss: 0.6494 ||:  28%|##8       | 38/134 [00:01<00:05, 18.04it/s]
accuracy: 0.6109, loss: 0.6494 ||:  31%|###       | 41/134 [00:01<00:04, 19.31it/s]
accuracy: 0.6122, loss: 0.6474 ||:  33%|###2      | 44/134 [00:02<00:04, 20.76it/s]
accuracy: 0.6137, loss: 0.6461 ||:  35%|###5      | 47/134 [00:02<00:03, 22.39it/s]
accuracy: 0.6125, loss: 0.6466 ||:  37%|###7      | 50/134 [00:02<00:03, 23.50it/s]
accuracy: 0.6146, loss: 0.6458 ||:  40%|####      | 54/134 [00:02<00:03, 25.11it/s]
accuracy: 0.6149, loss: 0.6463 ||:  43%|####2     | 57/134 [00:02<00:03, 24.73it/s]
accuracy: 0.6155, loss: 0.6470 ||:  46%|####5     | 61/134 [00:02<00:02, 25.63it/s]
accuracy: 0.6155, loss: 0.6469 ||:  48%|####7     | 64/134 [00:02<00:02, 25.16it/s]
accuracy: 0.6136, loss: 0.6475 ||:  50%|#####     | 67/134 [00:02<00:02, 26.18it/s]
accuracy: 0.6132, loss: 0.6474 ||:  52%|#####2    | 70/134 [00:03<00:02, 26.31it/s]
accuracy: 0.6153, loss: 0.6460 ||:  55%|#####5    | 74/134 [00:03<00:02, 27.36it/s]
accuracy: 0.6149, loss: 0.6461 ||:  57%|#####7    | 77/134 [00:03<00:02, 26.85it/s]
accuracy: 0.6162, loss: 0.6448 ||:  60%|#####9    | 80/134 [00:03<00:02, 26.56it/s]
accuracy: 0.6150, loss: 0.6447 ||:  62%|######1   | 83/134 [00:03<00:01, 27.28it/s]
accuracy: 0.6161, loss: 0.6439 ||:  64%|######4   | 86/134 [00:03<00:01, 27.17it/s]
accuracy: 0.6164, loss: 0.6437 ||:  66%|######6   | 89/134 [00:03<00:01, 26.58it/s]
accuracy: 0.6165, loss: 0.6450 ||:  69%|######8   | 92/134 [00:03<00:01, 26.46it/s]
accuracy: 0.6201, loss: 0.6433 ||:  72%|#######1  | 96/134 [00:04<00:01, 27.40it/s]
accuracy: 0.6203, loss: 0.6422 ||:  74%|#######3  | 99/134 [00:04<00:01, 27.69it/s]
accuracy: 0.6175, loss: 0.6437 ||:  76%|#######6  | 102/134 [00:04<00:01, 27.97it/s]
accuracy: 0.6174, loss: 0.6434 ||:  78%|#######8  | 105/134 [00:04<00:01, 27.65it/s]
accuracy: 0.6186, loss: 0.6425 ||:  81%|########  | 108/134 [00:04<00:00, 27.73it/s]
accuracy: 0.6185, loss: 0.6427 ||:  83%|########2 | 111/134 [00:04<00:00, 26.89it/s]
accuracy: 0.6191, loss: 0.6427 ||:  85%|########5 | 114/134 [00:04<00:00, 26.73it/s]
accuracy: 0.6209, loss: 0.6421 ||:  87%|########7 | 117/134 [00:04<00:00, 27.44it/s]
accuracy: 0.6194, loss: 0.6431 ||:  90%|########9 | 120/134 [00:04<00:00, 27.18it/s]
accuracy: 0.6201, loss: 0.6430 ||:  92%|#########1| 123/134 [00:05<00:00, 26.70it/s]
accuracy: 0.6181, loss: 0.6440 ||:  94%|#########4| 126/134 [00:05<00:00, 26.17it/s]
accuracy: 0.6189, loss: 0.6431 ||:  97%|#########7| 130/134 [00:05<00:00, 26.92it/s]
accuracy: 0.6189, loss: 0.6430 ||:  99%|#########9| 133/134 [00:05<00:00, 13.94it/s]
accuracy: 0.6200, loss: 0.6427 ||: 100%|##########| 134/134 [00:05<00:00, 23.26it/s]

  0%|          | 0/17 [00:00<?, ?it/s]
accuracy: 0.6641, loss: 0.6158 ||:  24%|##3       | 4/17 [00:00<00:00, 34.73it/s]
accuracy: 0.6424, loss: 0.6336 ||:  53%|#####2    | 9/17 [00:00<00:00, 35.78it/s]
accuracy: 0.6350, loss: 0.6441 ||:  82%|########2 | 14/17 [00:00<00:00, 36.49it/s]
accuracy: 0.6295, loss: 0.6451 ||: 100%|##########| 17/17 [00:00<00:00, 37.86it/s]

  0%|          | 0/134 [00:00<?, ?it/s]
accuracy: 0.6875, loss: 0.6169 ||:   1%|          | 1/134 [00:00<00:20,  6.50it/s]
accuracy: 0.6523, loss: 0.6199 ||:   3%|2         | 4/134 [00:00<00:15,  8.50it/s]
accuracy: 0.6429, loss: 0.6282 ||:   5%|5         | 7/134 [00:00<00:11, 10.77it/s]
accuracy: 0.6156, loss: 0.6412 ||:   7%|7         | 10/134 [00:00<00:09, 12.96it/s]
accuracy: 0.6226, loss: 0.6381 ||:  10%|9         | 13/134 [00:00<00:07, 15.30it/s]
accuracy: 0.6260, loss: 0.6408 ||:  12%|#1        | 16/134 [00:00<00:06, 17.66it/s]
accuracy: 0.6299, loss: 0.6420 ||:  14%|#4        | 19/134 [00:00<00:05, 19.43it/s]
accuracy: 0.6236, loss: 0.6441 ||:  16%|#6        | 22/134 [00:00<00:05, 20.98it/s]
accuracy: 0.6294, loss: 0.6413 ||:  19%|#8        | 25/134 [00:01<00:04, 22.03it/s]
accuracy: 0.6306, loss: 0.6384 ||:  21%|##        | 28/134 [00:01<00:04, 23.29it/s]
accuracy: 0.6401, loss: 0.6367 ||:  24%|##3       | 32/134 [00:01<00:04, 24.92it/s]
accuracy: 0.6393, loss: 0.6364 ||:  26%|##6       | 35/134 [00:01<00:03, 25.67it/s]
accuracy: 0.6386, loss: 0.6366 ||:  28%|##8       | 38/134 [00:01<00:03, 25.65it/s]
accuracy: 0.6322, loss: 0.6395 ||:  31%|###       | 41/134 [00:01<00:03, 25.06it/s]
accuracy: 0.6296, loss: 0.6405 ||:  33%|###2      | 44/134 [00:01<00:03, 25.32it/s]
accuracy: 0.6320, loss: 0.6400 ||:  35%|###5      | 47/134 [00:01<00:03, 25.03it/s]
accuracy: 0.6342, loss: 0.6391 ||:  38%|###8      | 51/134 [00:02<00:03, 26.29it/s]
accuracy: 0.6352, loss: 0.6385 ||:  41%|####1     | 55/134 [00:02<00:02, 26.66it/s]
accuracy: 0.6352, loss: 0.6381 ||:  43%|####3     | 58/134 [00:02<00:02, 27.13it/s]
accuracy: 0.6360, loss: 0.6368 ||:  46%|####5     | 61/134 [00:02<00:02, 26.85it/s]
accuracy: 0.6360, loss: 0.6366 ||:  48%|####7     | 64/134 [00:02<00:02, 26.89it/s]
accuracy: 0.6371, loss: 0.6349 ||:  50%|#####     | 67/134 [00:02<00:02, 26.54it/s]
accuracy: 0.6370, loss: 0.6354 ||:  52%|#####2    | 70/134 [00:02<00:02, 26.56it/s]
accuracy: 0.6385, loss: 0.6348 ||:  54%|#####4    | 73/134 [00:02<00:02, 25.54it/s]
accuracy: 0.6384, loss: 0.6353 ||:  57%|#####7    | 77/134 [00:02<00:02, 26.76it/s]
accuracy: 0.6385, loss: 0.6343 ||:  60%|#####9    | 80/134 [00:03<00:01, 27.24it/s]
accuracy: 0.6382, loss: 0.6349 ||:  62%|######1   | 83/134 [00:03<00:01, 27.96it/s]
accuracy: 0.6359, loss: 0.6347 ||:  64%|######4   | 86/134 [00:03<00:01, 28.31it/s]
accuracy: 0.6344, loss: 0.6351 ||:  66%|######6   | 89/134 [00:03<00:01, 28.19it/s]
accuracy: 0.6319, loss: 0.6369 ||:  69%|######8   | 92/134 [00:03<00:01, 28.17it/s]
accuracy: 0.6305, loss: 0.6369 ||:  71%|#######   | 95/134 [00:03<00:01, 27.84it/s]
accuracy: 0.6310, loss: 0.6365 ||:  73%|#######3  | 98/134 [00:04<00:02, 13.94it/s]
accuracy: 0.6293, loss: 0.6376 ||:  75%|#######5  | 101/134 [00:04<00:02, 16.01it/s]
accuracy: 0.6291, loss: 0.6377 ||:  78%|#######7  | 104/134 [00:04<00:01, 18.10it/s]
accuracy: 0.6277, loss: 0.6390 ||:  80%|#######9  | 107/134 [00:04<00:01, 19.78it/s]
accuracy: 0.6289, loss: 0.6376 ||:  82%|########2 | 110/134 [00:04<00:01, 21.94it/s]
accuracy: 0.6298, loss: 0.6370 ||:  84%|########4 | 113/134 [00:04<00:00, 23.61it/s]
accuracy: 0.6286, loss: 0.6375 ||:  87%|########6 | 116/134 [00:04<00:00, 23.81it/s]
accuracy: 0.6273, loss: 0.6380 ||:  89%|########8 | 119/134 [00:04<00:00, 24.50it/s]
accuracy: 0.6278, loss: 0.6377 ||:  91%|#########1| 122/134 [00:04<00:00, 25.63it/s]
accuracy: 0.6277, loss: 0.6370 ||:  94%|#########4| 126/134 [00:05<00:00, 27.17it/s]
accuracy: 0.6282, loss: 0.6365 ||:  96%|#########6| 129/134 [00:05<00:00, 27.02it/s]
accuracy: 0.6284, loss: 0.6367 ||:  99%|#########8| 132/134 [00:05<00:00, 26.59it/s]
accuracy: 0.6281, loss: 0.6366 ||: 100%|##########| 134/134 [00:05<00:00, 24.70it/s]

  0%|          | 0/17 [00:00<?, ?it/s]
accuracy: 0.6562, loss: 0.6184 ||:  24%|##3       | 4/17 [00:00<00:00, 34.58it/s]
accuracy: 0.6387, loss: 0.6281 ||:  47%|####7     | 8/17 [00:00<00:00, 35.70it/s]
accuracy: 0.6354, loss: 0.6398 ||:  71%|#######   | 12/17 [00:00<00:00, 36.05it/s]
accuracy: 0.6318, loss: 0.6416 ||:  94%|#########4| 16/17 [00:00<00:00, 36.26it/s]
accuracy: 0.6323, loss: 0.6424 ||: 100%|##########| 17/17 [00:00<00:00, 36.88it/s]

  0%|          | 0/134 [00:00<?, ?it/s]
accuracy: 0.7031, loss: 0.6329 ||:   1%|          | 1/134 [00:00<00:20,  6.54it/s]
accuracy: 0.6969, loss: 0.5975 ||:   4%|3         | 5/134 [00:00<00:15,  8.55it/s]
accuracy: 0.6855, loss: 0.6075 ||:   6%|5         | 8/134 [00:00<00:11, 10.80it/s]
accuracy: 0.6732, loss: 0.6141 ||:   9%|8         | 12/134 [00:00<00:09, 13.39it/s]
accuracy: 0.6646, loss: 0.6176 ||:  11%|#1        | 15/134 [00:00<00:07, 15.65it/s]
accuracy: 0.6623, loss: 0.6210 ||:  13%|#3        | 18/134 [00:00<00:06, 18.20it/s]
accuracy: 0.6496, loss: 0.6275 ||:  16%|#5        | 21/134 [00:00<00:05, 19.81it/s]
accuracy: 0.6432, loss: 0.6266 ||:  18%|#7        | 24/134 [00:00<00:05, 21.55it/s]
accuracy: 0.6435, loss: 0.6275 ||:  20%|##        | 27/134 [00:01<00:04, 22.30it/s]
accuracy: 0.6401, loss: 0.6293 ||:  22%|##2       | 30/134 [00:01<00:04, 23.88it/s]
accuracy: 0.6392, loss: 0.6300 ||:  25%|##5       | 34/134 [00:01<00:03, 25.98it/s]
accuracy: 0.6334, loss: 0.6328 ||:  28%|##7       | 37/134 [00:01<00:03, 26.69it/s]
accuracy: 0.6335, loss: 0.6316 ||:  30%|##9       | 40/134 [00:01<00:03, 26.71it/s]
accuracy: 0.6325, loss: 0.6329 ||:  32%|###2      | 43/134 [00:01<00:03, 26.59it/s]
accuracy: 0.6338, loss: 0.6327 ||:  34%|###4      | 46/134 [00:01<00:03, 26.25it/s]
accuracy: 0.6352, loss: 0.6337 ||:  37%|###6      | 49/134 [00:01<00:03, 27.03it/s]
accuracy: 0.6368, loss: 0.6329 ||:  40%|###9      | 53/134 [00:02<00:02, 28.02it/s]
accuracy: 0.6344, loss: 0.6338 ||:  42%|####1     | 56/134 [00:02<00:02, 26.88it/s]
accuracy: 0.6342, loss: 0.6333 ||:  44%|####4     | 59/134 [00:02<00:02, 26.82it/s]
accuracy: 0.6371, loss: 0.6300 ||:  46%|####6     | 62/134 [00:02<00:02, 27.58it/s]
accuracy: 0.6360, loss: 0.6305 ||:  49%|####8     | 65/134 [00:02<00:04, 13.97it/s]
accuracy: 0.6372, loss: 0.6304 ||:  51%|#####     | 68/134 [00:02<00:04, 16.15it/s]
accuracy: 0.6364, loss: 0.6309 ||:  53%|#####2    | 71/134 [00:03<00:03, 18.07it/s]
accuracy: 0.6347, loss: 0.6323 ||:  55%|#####5    | 74/134 [00:03<00:03, 19.56it/s]
accuracy: 0.6372, loss: 0.6302 ||:  57%|#####7    | 77/134 [00:03<00:02, 21.42it/s]
accuracy: 0.6367, loss: 0.6313 ||:  60%|#####9    | 80/134 [00:03<00:02, 22.28it/s]
accuracy: 0.6376, loss: 0.6304 ||:  62%|######1   | 83/134 [00:03<00:02, 23.76it/s]
accuracy: 0.6366, loss: 0.6301 ||:  64%|######4   | 86/134 [00:03<00:01, 24.42it/s]
accuracy: 0.6373, loss: 0.6307 ||:  66%|######6   | 89/134 [00:03<00:01, 25.48it/s]
accuracy: 0.6376, loss: 0.6298 ||:  69%|######8   | 92/134 [00:03<00:01, 25.56it/s]
accuracy: 0.6373, loss: 0.6304 ||:  71%|#######   | 95/134 [00:03<00:01, 26.02it/s]
accuracy: 0.6363, loss: 0.6310 ||:  73%|#######3  | 98/134 [00:04<00:01, 26.08it/s]
accuracy: 0.6368, loss: 0.6302 ||:  76%|#######6  | 102/134 [00:04<00:01, 27.28it/s]
accuracy: 0.6367, loss: 0.6303 ||:  78%|#######8  | 105/134 [00:04<00:01, 27.01it/s]
accuracy: 0.6361, loss: 0.6314 ||:  81%|########  | 108/134 [00:04<00:00, 26.16it/s]
accuracy: 0.6362, loss: 0.6315 ||:  83%|########2 | 111/134 [00:04<00:00, 25.53it/s]
accuracy: 0.6368, loss: 0.6315 ||:  85%|########5 | 114/134 [00:04<00:00, 25.62it/s]
accuracy: 0.6377, loss: 0.6307 ||:  87%|########7 | 117/134 [00:04<00:00, 26.29it/s]
accuracy: 0.6383, loss: 0.6307 ||:  90%|########9 | 120/134 [00:04<00:00, 26.56it/s]
accuracy: 0.6390, loss: 0.6296 ||:  92%|#########1| 123/134 [00:04<00:00, 27.18it/s]
accuracy: 0.6380, loss: 0.6303 ||:  94%|#########4| 126/134 [00:05<00:00, 27.13it/s]
accuracy: 0.6369, loss: 0.6310 ||:  96%|#########6| 129/134 [00:05<00:00, 27.52it/s]
accuracy: 0.6365, loss: 0.6311 ||:  99%|#########8| 132/134 [00:05<00:00, 27.20it/s]
accuracy: 0.6357, loss: 0.6311 ||: 100%|##########| 134/134 [00:05<00:00, 24.79it/s]

  0%|          | 0/17 [00:00<?, ?it/s]
accuracy: 0.6758, loss: 0.6117 ||:  24%|##3       | 4/17 [00:00<00:00, 35.85it/s]
accuracy: 0.6562, loss: 0.6259 ||:  53%|#####2    | 9/17 [00:00<00:00, 37.09it/s]
accuracy: 0.6538, loss: 0.6355 ||:  76%|#######6  | 13/17 [00:00<00:00, 37.27it/s]
accuracy: 0.6501, loss: 0.6378 ||: 100%|##########| 17/17 [00:00<00:00, 38.51it/s]

  0%|          | 0/134 [00:00<?, ?it/s]
accuracy: 0.6406, loss: 0.6316 ||:   1%|          | 1/134 [00:00<00:22,  5.93it/s]
accuracy: 0.6250, loss: 0.6327 ||:   3%|2         | 4/134 [00:00<00:16,  7.80it/s]
accuracy: 0.6473, loss: 0.6321 ||:   5%|5         | 7/134 [00:00<00:12,  9.88it/s]
accuracy: 0.6188, loss: 0.6473 ||:   7%|7         | 10/134 [00:00<00:10, 12.05it/s]
accuracy: 0.6202, loss: 0.6403 ||:  10%|9         | 13/134 [00:00<00:08, 14.32it/s]
accuracy: 0.6289, loss: 0.6340 ||:  12%|#1        | 16/134 [00:00<00:07, 16.64it/s]
accuracy: 0.6324, loss: 0.6329 ||:  14%|#4        | 19/134 [00:00<00:06, 18.74it/s]
accuracy: 0.6420, loss: 0.6306 ||:  16%|#6        | 22/134 [00:00<00:05, 20.78it/s]
accuracy: 0.6456, loss: 0.6302 ||:  19%|#8        | 25/134 [00:01<00:04, 21.99it/s]
accuracy: 0.6462, loss: 0.6288 ||:  21%|##        | 28/134 [00:01<00:04, 23.02it/s]
accuracy: 0.6447, loss: 0.6294 ||:  23%|##3       | 31/134 [00:01<00:07, 12.94it/s]
accuracy: 0.6446, loss: 0.6300 ||:  26%|##6       | 35/134 [00:01<00:06, 15.42it/s]
accuracy: 0.6466, loss: 0.6278 ||:  29%|##9       | 39/134 [00:01<00:05, 17.82it/s]
accuracy: 0.6440, loss: 0.6280 ||:  31%|###1      | 42/134 [00:02<00:04, 19.97it/s]
accuracy: 0.6455, loss: 0.6290 ||:  34%|###3      | 45/134 [00:02<00:04, 21.58it/s]
accuracy: 0.6413, loss: 0.6320 ||:  36%|###5      | 48/134 [00:02<00:03, 22.90it/s]
accuracy: 0.6409, loss: 0.6317 ||:  38%|###8      | 51/134 [00:02<00:03, 22.96it/s]
accuracy: 0.6406, loss: 0.6322 ||:  40%|####      | 54/134 [00:02<00:03, 23.56it/s]
accuracy: 0.6425, loss: 0.6311 ||:  43%|####2     | 57/134 [00:02<00:03, 24.98it/s]
accuracy: 0.6437, loss: 0.6276 ||:  46%|####5     | 61/134 [00:02<00:02, 26.05it/s]
accuracy: 0.6426, loss: 0.6281 ||:  48%|####7     | 64/134 [00:02<00:02, 26.69it/s]
accuracy: 0.6446, loss: 0.6255 ||:  50%|#####     | 67/134 [00:03<00:02, 25.71it/s]
accuracy: 0.6453, loss: 0.6247 ||:  52%|#####2    | 70/134 [00:03<00:02, 25.97it/s]
accuracy: 0.6464, loss: 0.6239 ||:  54%|#####4    | 73/134 [00:03<00:02, 25.66it/s]
accuracy: 0.6478, loss: 0.6234 ||:  57%|#####6    | 76/134 [00:03<00:02, 25.73it/s]
accuracy: 0.6464, loss: 0.6239 ||:  59%|#####8    | 79/134 [00:03<00:02, 25.85it/s]
accuracy: 0.6466, loss: 0.6218 ||:  61%|######1   | 82/134 [00:03<00:01, 26.82it/s]
accuracy: 0.6469, loss: 0.6220 ||:  63%|######3   | 85/134 [00:03<00:01, 26.17it/s]
accuracy: 0.6482, loss: 0.6201 ||:  66%|######5   | 88/134 [00:03<00:01, 27.01it/s]
accuracy: 0.6497, loss: 0.6186 ||:  69%|######8   | 92/134 [00:03<00:01, 28.40it/s]
accuracy: 0.6506, loss: 0.6187 ||:  71%|#######   | 95/134 [00:04<00:01, 28.64it/s]
accuracy: 0.6530, loss: 0.6181 ||:  73%|#######3  | 98/134 [00:04<00:01, 28.70it/s]
accuracy: 0.6537, loss: 0.6185 ||:  75%|#######5  | 101/134 [00:04<00:01, 27.57it/s]
accuracy: 0.6530, loss: 0.6190 ||:  78%|#######7  | 104/134 [00:04<00:01, 25.69it/s]
accuracy: 0.6503, loss: 0.6209 ||:  80%|#######9  | 107/134 [00:04<00:01, 26.52it/s]
accuracy: 0.6507, loss: 0.6194 ||:  82%|########2 | 110/134 [00:04<00:00, 26.44it/s]
accuracy: 0.6502, loss: 0.6198 ||:  84%|########4 | 113/134 [00:04<00:00, 26.89it/s]
accuracy: 0.6499, loss: 0.6202 ||:  87%|########6 | 116/134 [00:04<00:00, 26.21it/s]
accuracy: 0.6523, loss: 0.6189 ||:  90%|########9 | 120/134 [00:04<00:00, 27.34it/s]
accuracy: 0.6528, loss: 0.6180 ||:  92%|#########1| 123/134 [00:05<00:00, 27.42it/s]
accuracy: 0.6519, loss: 0.6186 ||:  94%|#########4| 126/134 [00:05<00:00, 27.48it/s]
accuracy: 0.6520, loss: 0.6183 ||:  97%|#########7| 130/134 [00:05<00:00, 15.99it/s]
accuracy: 0.6538, loss: 0.6181 ||: 100%|##########| 134/134 [00:05<00:00, 18.80it/s]

  0%|          | 0/17 [00:00<?, ?it/s]
accuracy: 0.6797, loss: 0.5965 ||:  24%|##3       | 4/17 [00:00<00:00, 35.58it/s]
accuracy: 0.6528, loss: 0.6272 ||:  53%|#####2    | 9/17 [00:00<00:00, 36.47it/s]
accuracy: 0.6451, loss: 0.6299 ||:  82%|########2 | 14/17 [00:00<00:00, 37.59it/s]
accuracy: 0.6417, loss: 0.6309 ||: 100%|##########| 17/17 [00:00<00:00, 38.25it/s]

  0%|          | 0/134 [00:00<?, ?it/s]
accuracy: 0.6719, loss: 0.6241 ||:   1%|          | 1/134 [00:00<00:21,  6.29it/s]
accuracy: 0.6641, loss: 0.6170 ||:   3%|2         | 4/134 [00:00<00:15,  8.13it/s]
accuracy: 0.6629, loss: 0.6200 ||:   5%|5         | 7/134 [00:00<00:12, 10.25it/s]
accuracy: 0.6703, loss: 0.6121 ||:   7%|7         | 10/134 [00:00<00:09, 12.62it/s]
accuracy: 0.6647, loss: 0.6145 ||:  10%|9         | 13/134 [00:00<00:08, 15.03it/s]
accuracy: 0.6572, loss: 0.6208 ||:  12%|#1        | 16/134 [00:00<00:06, 17.33it/s]
accuracy: 0.6637, loss: 0.6152 ||:  14%|#4        | 19/134 [00:00<00:06, 19.07it/s]
accuracy: 0.6676, loss: 0.6149 ||:  16%|#6        | 22/134 [00:00<00:05, 20.55it/s]
accuracy: 0.6731, loss: 0.6077 ||:  19%|#8        | 25/134 [00:01<00:04, 22.44it/s]
accuracy: 0.6724, loss: 0.6110 ||:  22%|##1       | 29/134 [00:01<00:04, 23.86it/s]
accuracy: 0.6776, loss: 0.6078 ||:  25%|##4       | 33/134 [00:01<00:03, 25.54it/s]
accuracy: 0.6731, loss: 0.6103 ||:  28%|##7       | 37/134 [00:01<00:03, 25.83it/s]
accuracy: 0.6715, loss: 0.6110 ||:  30%|##9       | 40/134 [00:01<00:03, 25.90it/s]
accuracy: 0.6711, loss: 0.6098 ||:  32%|###2      | 43/134 [00:01<00:03, 26.98it/s]
accuracy: 0.6729, loss: 0.6091 ||:  34%|###4      | 46/134 [00:01<00:03, 25.94it/s]
accuracy: 0.6751, loss: 0.6072 ||:  37%|###6      | 49/134 [00:01<00:03, 26.63it/s]
accuracy: 0.6731, loss: 0.6074 ||:  39%|###8      | 52/134 [00:02<00:03, 26.69it/s]
accuracy: 0.6755, loss: 0.6050 ||:  42%|####1     | 56/134 [00:02<00:02, 27.11it/s]
accuracy: 0.6782, loss: 0.6032 ||:  44%|####4     | 59/134 [00:02<00:02, 26.98it/s]
accuracy: 0.6801, loss: 0.5998 ||:  47%|####7     | 63/134 [00:02<00:02, 27.73it/s]
accuracy: 0.6778, loss: 0.6013 ||:  49%|####9     | 66/134 [00:02<00:02, 27.02it/s]
accuracy: 0.6769, loss: 0.6020 ||:  51%|#####1    | 69/134 [00:02<00:02, 26.41it/s]
accuracy: 0.6775, loss: 0.6002 ||:  54%|#####3    | 72/134 [00:02<00:02, 25.94it/s]
accuracy: 0.6763, loss: 0.6007 ||:  56%|#####5    | 75/134 [00:02<00:02, 25.86it/s]
accuracy: 0.6757, loss: 0.6000 ||:  58%|#####8    | 78/134 [00:03<00:02, 25.85it/s]
accuracy: 0.6744, loss: 0.6010 ||:  61%|######1   | 82/134 [00:03<00:01, 26.30it/s]
accuracy: 0.6767, loss: 0.5988 ||:  63%|######3   | 85/134 [00:03<00:01, 27.20it/s]
accuracy: 0.6777, loss: 0.5969 ||:  66%|######5   | 88/134 [00:03<00:01, 25.93it/s]
accuracy: 0.6808, loss: 0.5959 ||:  68%|######7   | 91/134 [00:03<00:01, 26.80it/s]
accuracy: 0.6807, loss: 0.5957 ||:  70%|#######   | 94/134 [00:03<00:01, 27.00it/s]
accuracy: 0.6814, loss: 0.5953 ||:  72%|#######2  | 97/134 [00:04<00:02, 13.45it/s]
accuracy: 0.6805, loss: 0.5965 ||:  75%|#######4  | 100/134 [00:04<00:02, 15.83it/s]
accuracy: 0.6802, loss: 0.5978 ||:  77%|#######6  | 103/134 [00:04<00:01, 18.02it/s]
accuracy: 0.6824, loss: 0.5973 ||:  79%|#######9  | 106/134 [00:04<00:01, 20.13it/s]
accuracy: 0.6835, loss: 0.5961 ||:  81%|########1 | 109/134 [00:04<00:01, 21.56it/s]
accuracy: 0.6863, loss: 0.5944 ||:  84%|########4 | 113/134 [00:04<00:00, 23.67it/s]
accuracy: 0.6885, loss: 0.5929 ||:  87%|########6 | 116/134 [00:04<00:00, 23.95it/s]
accuracy: 0.6885, loss: 0.5921 ||:  89%|########8 | 119/134 [00:04<00:00, 25.15it/s]
accuracy: 0.6905, loss: 0.5901 ||:  91%|#########1| 122/134 [00:05<00:00, 26.25it/s]
accuracy: 0.6929, loss: 0.5868 ||:  94%|#########4| 126/134 [00:05<00:00, 27.40it/s]
accuracy: 0.6936, loss: 0.5854 ||:  96%|#########6| 129/134 [00:05<00:00, 27.42it/s]
accuracy: 0.6960, loss: 0.5827 ||:  99%|#########8| 132/134 [00:05<00:00, 26.66it/s]
accuracy: 0.6957, loss: 0.5826 ||: 100%|##########| 134/134 [00:05<00:00, 24.61it/s]

  0%|          | 0/17 [00:00<?, ?it/s]
accuracy: 0.7227, loss: 0.5624 ||:  24%|##3       | 4/17 [00:00<00:00, 35.56it/s]
accuracy: 0.7051, loss: 0.5852 ||:  47%|####7     | 8/17 [00:00<00:00, 36.27it/s]
accuracy: 0.7031, loss: 0.5970 ||:  71%|#######   | 12/17 [00:00<00:00, 36.70it/s]
accuracy: 0.6973, loss: 0.6054 ||:  94%|#########4| 16/17 [00:00<00:00, 36.80it/s]
accuracy: 0.6942, loss: 0.6100 ||: 100%|##########| 17/17 [00:00<00:00, 37.28it/s]

  0%|          | 0/134 [00:00<?, ?it/s]
accuracy: 0.7812, loss: 0.4737 ||:   1%|          | 1/134 [00:00<00:20,  6.50it/s]
accuracy: 0.7031, loss: 0.5504 ||:   3%|2         | 4/134 [00:00<00:15,  8.42it/s]
accuracy: 0.7009, loss: 0.5543 ||:   5%|5         | 7/134 [00:00<00:11, 10.60it/s]
accuracy: 0.7102, loss: 0.5505 ||:   8%|8         | 11/134 [00:00<00:09, 13.22it/s]
accuracy: 0.7132, loss: 0.5412 ||:  10%|#         | 14/134 [00:00<00:07, 15.21it/s]
accuracy: 0.7224, loss: 0.5351 ||:  13%|#2        | 17/134 [00:00<00:06, 17.55it/s]
accuracy: 0.7277, loss: 0.5288 ||:  16%|#5        | 21/134 [00:00<00:05, 20.34it/s]
accuracy: 0.7272, loss: 0.5268 ||:  18%|#7        | 24/134 [00:00<00:05, 21.41it/s]
accuracy: 0.7338, loss: 0.5263 ||:  20%|##        | 27/134 [00:01<00:04, 22.95it/s]
accuracy: 0.7370, loss: 0.5238 ||:  22%|##2       | 30/134 [00:01<00:04, 23.71it/s]
accuracy: 0.7353, loss: 0.5252 ||:  25%|##4       | 33/134 [00:01<00:04, 23.60it/s]
accuracy: 0.7344, loss: 0.5249 ||:  27%|##6       | 36/134 [00:01<00:03, 24.70it/s]
accuracy: 0.7352, loss: 0.5243 ||:  29%|##9       | 39/134 [00:01<00:03, 25.06it/s]
accuracy: 0.7359, loss: 0.5234 ||:  31%|###1      | 42/134 [00:01<00:03, 26.16it/s]
accuracy: 0.7351, loss: 0.5226 ||:  34%|###3      | 45/134 [00:01<00:03, 25.52it/s]
accuracy: 0.7347, loss: 0.5242 ||:  36%|###5      | 48/134 [00:01<00:03, 25.66it/s]
accuracy: 0.7410, loss: 0.5174 ||:  39%|###8      | 52/134 [00:02<00:03, 26.33it/s]
accuracy: 0.7406, loss: 0.5170 ||:  41%|####1     | 55/134 [00:02<00:02, 27.19it/s]
accuracy: 0.7452, loss: 0.5124 ||:  44%|####4     | 59/134 [00:02<00:02, 28.03it/s]
accuracy: 0.7475, loss: 0.5066 ||:  46%|####6     | 62/134 [00:02<00:05, 13.80it/s]
accuracy: 0.7488, loss: 0.5066 ||:  49%|####8     | 65/134 [00:02<00:04, 16.08it/s]
accuracy: 0.7508, loss: 0.5049 ||:  51%|#####     | 68/134 [00:02<00:03, 18.56it/s]
accuracy: 0.7512, loss: 0.5045 ||:  53%|#####2    | 71/134 [00:03<00:03, 20.28it/s]
accuracy: 0.7511, loss: 0.5053 ||:  55%|#####5    | 74/134 [00:03<00:02, 21.52it/s]
accuracy: 0.7535, loss: 0.5037 ||:  57%|#####7    | 77/134 [00:03<00:02, 23.07it/s]
accuracy: 0.7546, loss: 0.5019 ||:  60%|#####9    | 80/134 [00:03<00:02, 23.93it/s]
accuracy: 0.7573, loss: 0.4992 ||:  62%|######1   | 83/134 [00:03<00:02, 24.68it/s]
accuracy: 0.7570, loss: 0.4978 ||:  64%|######4   | 86/134 [00:03<00:01, 24.54it/s]
accuracy: 0.7577, loss: 0.4965 ||:  66%|######6   | 89/134 [00:03<00:01, 25.09it/s]
accuracy: 0.7595, loss: 0.4948 ||:  69%|######8   | 92/134 [00:03<00:01, 25.98it/s]
accuracy: 0.7611, loss: 0.4927 ||:  71%|#######   | 95/134 [00:04<00:01, 25.40it/s]
accuracy: 0.7635, loss: 0.4896 ||:  73%|#######3  | 98/134 [00:04<00:01, 25.93it/s]
accuracy: 0.7649, loss: 0.4870 ||:  76%|#######6  | 102/134 [00:04<00:01, 26.64it/s]
accuracy: 0.7668, loss: 0.4859 ||:  78%|#######8  | 105/134 [00:04<00:01, 27.22it/s]
accuracy: 0.7659, loss: 0.4876 ||:  81%|########  | 108/134 [00:04<00:01, 25.99it/s]
accuracy: 0.7646, loss: 0.4900 ||:  83%|########2 | 111/134 [00:04<00:00, 24.93it/s]
accuracy: 0.7645, loss: 0.4901 ||:  85%|########5 | 114/134 [00:04<00:00, 24.84it/s]
accuracy: 0.7654, loss: 0.4887 ||:  87%|########7 | 117/134 [00:04<00:00, 24.82it/s]
accuracy: 0.7663, loss: 0.4882 ||:  90%|########9 | 120/134 [00:04<00:00, 24.72it/s]
accuracy: 0.7677, loss: 0.4863 ||:  93%|#########2| 124/134 [00:05<00:00, 25.56it/s]
accuracy: 0.7682, loss: 0.4863 ||:  95%|#########4| 127/134 [00:05<00:00, 26.17it/s]
accuracy: 0.7686, loss: 0.4852 ||:  97%|#########7| 130/134 [00:05<00:00, 24.92it/s]
accuracy: 0.7690, loss: 0.4835 ||:  99%|#########9| 133/134 [00:05<00:00, 25.00it/s]
accuracy: 0.7689, loss: 0.4837 ||: 100%|##########| 134/134 [00:05<00:00, 24.18it/s]

  0%|          | 0/17 [00:00<?, ?it/s]
accuracy: 0.7578, loss: 0.5092 ||:  24%|##3       | 4/17 [00:00<00:00, 33.58it/s]
accuracy: 0.7422, loss: 0.5385 ||:  47%|####7     | 8/17 [00:00<00:00, 35.04it/s]
accuracy: 0.7331, loss: 0.5635 ||:  71%|#######   | 12/17 [00:00<00:00, 35.09it/s]
accuracy: 0.7354, loss: 0.5559 ||:  94%|#########4| 16/17 [00:00<00:00, 35.07it/s]
accuracy: 0.7336, loss: 0.5546 ||: 100%|##########| 17/17 [00:00<00:00, 35.80it/s]

  0%|          | 0/134 [00:00<?, ?it/s]
accuracy: 0.8906, loss: 0.3442 ||:   1%|          | 1/134 [00:00<00:20,  6.37it/s]
accuracy: 0.7930, loss: 0.4276 ||:   3%|2         | 4/134 [00:00<00:15,  8.19it/s]
accuracy: 0.8058, loss: 0.4114 ||:   5%|5         | 7/134 [00:00<00:12, 10.26it/s]
accuracy: 0.8094, loss: 0.4064 ||:   7%|7         | 10/134 [00:00<00:09, 12.51it/s]
accuracy: 0.8306, loss: 0.3898 ||:  10%|9         | 13/134 [00:00<00:08, 15.06it/s]
accuracy: 0.8332, loss: 0.3843 ||:  12%|#1        | 16/134 [00:00<00:06, 17.19it/s]
accuracy: 0.8281, loss: 0.3949 ||:  14%|#4        | 19/134 [00:00<00:05, 19.55it/s]
accuracy: 0.8294, loss: 0.3934 ||:  18%|#7        | 24/134 [00:00<00:04, 23.81it/s]
accuracy: 0.8235, loss: 0.4046 ||:  21%|##        | 28/134 [00:01<00:04, 25.72it/s]
accuracy: 0.8239, loss: 0.4053 ||:  25%|##5       | 34/134 [00:01<00:03, 30.44it/s]
accuracy: 0.8233, loss: 0.4060 ||:  30%|##9       | 40/134 [00:01<00:02, 35.35it/s]
accuracy: 0.8239, loss: 0.4082 ||:  34%|###3      | 45/134 [00:01<00:02, 38.20it/s]
accuracy: 0.8287, loss: 0.3995 ||:  38%|###8      | 51/134 [00:01<00:01, 41.67it/s]
accuracy: 0.8311, loss: 0.3962 ||:  43%|####3     | 58/134 [00:01<00:01, 47.34it/s]
accuracy: 0.8303, loss: 0.3938 ||:  48%|####7     | 64/134 [00:01<00:01, 49.84it/s]
accuracy: 0.8327, loss: 0.3903 ||:  54%|#####3    | 72/134 [00:01<00:01, 52.65it/s]
accuracy: 0.8342, loss: 0.3869 ||:  60%|#####9    | 80/134 [00:01<00:00, 58.05it/s]
accuracy: 0.8334, loss: 0.3861 ||:  65%|######4   | 87/134 [00:02<00:00, 59.24it/s]
accuracy: 0.8325, loss: 0.3854 ||:  70%|#######   | 94/134 [00:02<00:00, 59.70it/s]
accuracy: 0.8329, loss: 0.3843 ||:  75%|#######5  | 101/134 [00:02<00:00, 59.85it/s]
accuracy: 0.8343, loss: 0.3828 ||:  81%|########1 | 109/134 [00:02<00:00, 63.15it/s]
accuracy: 0.8354, loss: 0.3812 ||:  87%|########6 | 116/134 [00:02<00:00, 63.77it/s]
accuracy: 0.8350, loss: 0.3816 ||:  92%|#########1| 123/134 [00:02<00:00, 62.95it/s]
accuracy: 0.8351, loss: 0.3814 ||:  97%|#########7| 130/134 [00:02<00:00, 55.85it/s]
accuracy: 0.8360, loss: 0.3804 ||: 100%|##########| 134/134 [00:02<00:00, 46.93it/s]

  0%|          | 0/17 [00:00<?, ?it/s]
accuracy: 0.7391, loss: 0.5715 ||:  59%|#####8    | 10/17 [00:00<00:00, 96.49it/s]
accuracy: 0.7355, loss: 0.5696 ||: 100%|##########| 17/17 [00:00<00:00, 98.19it/s]

  0%|          | 0/134 [00:00<?, ?it/s]
accuracy: 0.6719, loss: 0.6556 ||:   1%|          | 1/134 [00:00<00:18,  7.14it/s]
accuracy: 0.8320, loss: 0.3585 ||:   6%|5         | 8/134 [00:00<00:12,  9.75it/s]
accuracy: 0.8385, loss: 0.3455 ||:  11%|#1        | 15/134 [00:00<00:09, 13.14it/s]
accuracy: 0.8512, loss: 0.3509 ||:  17%|#7        | 23/134 [00:00<00:06, 17.34it/s]
accuracy: 0.8510, loss: 0.3443 ||:  22%|##2       | 30/134 [00:00<00:04, 22.33it/s]
accuracy: 0.8543, loss: 0.3369 ||:  28%|##7       | 37/134 [00:00<00:03, 27.99it/s]
accuracy: 0.8587, loss: 0.3293 ||:  33%|###2      | 44/134 [00:00<00:02, 34.01it/s]
accuracy: 0.8611, loss: 0.3219 ||:  38%|###8      | 51/134 [00:00<00:02, 40.09it/s]
accuracy: 0.8600, loss: 0.3280 ||:  44%|####4     | 59/134 [00:00<00:01, 46.37it/s]
accuracy: 0.8571, loss: 0.3322 ||:  50%|#####     | 67/134 [00:01<00:01, 51.82it/s]
accuracy: 0.8576, loss: 0.3339 ||:  56%|#####5    | 75/134 [00:01<00:01, 55.86it/s]
accuracy: 0.8568, loss: 0.3352 ||:  62%|######1   | 83/134 [00:01<00:00, 59.70it/s]
accuracy: 0.8570, loss: 0.3354 ||:  67%|######7   | 90/134 [00:01<00:00, 60.77it/s]
accuracy: 0.8573, loss: 0.3351 ||:  72%|#######2  | 97/134 [00:01<00:00, 56.49it/s]
accuracy: 0.8579, loss: 0.3332 ||:  78%|#######7  | 104/134 [00:01<00:00, 59.30it/s]
accuracy: 0.8582, loss: 0.3323 ||:  84%|########3 | 112/134 [00:01<00:00, 63.06it/s]
accuracy: 0.8585, loss: 0.3312 ||:  89%|########8 | 119/134 [00:01<00:00, 64.96it/s]
accuracy: 0.8605, loss: 0.3289 ||:  94%|#########4| 126/134 [00:01<00:00, 64.80it/s]
accuracy: 0.8594, loss: 0.3311 ||: 100%|##########| 134/134 [00:02<00:00, 66.07it/s]

  0%|          | 0/17 [00:00<?, ?it/s]
accuracy: 0.7476, loss: 0.5717 ||:  76%|#######6  | 13/17 [00:00<00:00, 119.66it/s]
accuracy: 0.7439, loss: 0.5642 ||: 100%|##########| 17/17 [00:00<00:00, 119.33it/s]

  0%|          | 0/134 [00:00<?, ?it/s]
accuracy: 0.8438, loss: 0.3193 ||:   1%|          | 1/134 [00:00<00:18,  7.23it/s]
accuracy: 0.8819, loss: 0.2867 ||:   7%|6         | 9/134 [00:00<00:12,  9.89it/s]
accuracy: 0.8945, loss: 0.2704 ||:  12%|#1        | 16/134 [00:00<00:08, 13.31it/s]
accuracy: 0.8899, loss: 0.2794 ||:  17%|#7        | 23/134 [00:00<00:06, 17.51it/s]
accuracy: 0.8921, loss: 0.2733 ||:  23%|##3       | 31/134 [00:00<00:04, 22.83it/s]
accuracy: 0.8886, loss: 0.2762 ||:  29%|##9       | 39/134 [00:00<00:03, 28.70it/s]
accuracy: 0.8879, loss: 0.2755 ||:  34%|###4      | 46/134 [00:00<00:02, 34.73it/s]
accuracy: 0.8860, loss: 0.2796 ||:  40%|####      | 54/134 [00:00<00:01, 40.96it/s]
accuracy: 0.8865, loss: 0.2798 ||:  46%|####5     | 61/134 [00:01<00:01, 42.62it/s]
accuracy: 0.8856, loss: 0.2827 ||:  51%|#####     | 68/134 [00:01<00:01, 48.05it/s]
accuracy: 0.8852, loss: 0.2824 ||:  56%|#####5    | 75/134 [00:01<00:01, 52.71it/s]
accuracy: 0.8854, loss: 0.2841 ||:  62%|######1   | 83/134 [00:01<00:00, 57.07it/s]
accuracy: 0.8865, loss: 0.2828 ||:  67%|######7   | 90/134 [00:01<00:00, 60.37it/s]
accuracy: 0.8874, loss: 0.2800 ||:  72%|#######2  | 97/134 [00:01<00:00, 62.17it/s]
accuracy: 0.8894, loss: 0.2759 ||:  78%|#######8  | 105/134 [00:01<00:00, 64.28it/s]
accuracy: 0.8900, loss: 0.2745 ||:  84%|########3 | 112/134 [00:01<00:00, 64.97it/s]
accuracy: 0.8906, loss: 0.2730 ||:  89%|########8 | 119/134 [00:01<00:00, 65.43it/s]
accuracy: 0.8895, loss: 0.2749 ||:  94%|#########4| 126/134 [00:01<00:00, 66.13it/s]
accuracy: 0.8893, loss: 0.2740 ||:  99%|#########9| 133/134 [00:02<00:00, 66.34it/s]
accuracy: 0.8892, loss: 0.2747 ||: 100%|##########| 134/134 [00:02<00:00, 63.62it/s]

  0%|          | 0/17 [00:00<?, ?it/s]
accuracy: 0.7656, loss: 0.5533 ||:  71%|#######   | 12/17 [00:00<00:00, 115.80it/s]
accuracy: 0.7580, loss: 0.5525 ||: 100%|##########| 17/17 [00:00<00:00, 116.38it/s]

  0%|          | 0/134 [00:00<?, ?it/s]
accuracy: 0.9062, loss: 0.2307 ||:   1%|          | 1/134 [00:00<00:30,  4.35it/s]
accuracy: 0.8976, loss: 0.2471 ||:   7%|6         | 9/134 [00:00<00:20,  6.06it/s]
accuracy: 0.8936, loss: 0.2442 ||:  12%|#1        | 16/134 [00:00<00:14,  8.34it/s]
accuracy: 0.8986, loss: 0.2381 ||:  18%|#7        | 24/134 [00:00<00:09, 11.33it/s]
accuracy: 0.9011, loss: 0.2378 ||:  22%|##1       | 29/134 [00:00<00:07, 14.58it/s]
accuracy: 0.8946, loss: 0.2517 ||:  27%|##6       | 36/134 [00:00<00:05, 18.97it/s]
accuracy: 0.8877, loss: 0.2633 ||:  33%|###2      | 44/134 [00:00<00:03, 24.18it/s]
accuracy: 0.8900, loss: 0.2647 ||:  38%|###8      | 51/134 [00:01<00:02, 29.88it/s]
accuracy: 0.8917, loss: 0.2655 ||:  43%|####3     | 58/134 [00:01<00:02, 35.83it/s]
accuracy: 0.8918, loss: 0.2643 ||:  49%|####9     | 66/134 [00:01<00:01, 41.80it/s]
accuracy: 0.8934, loss: 0.2606 ||:  55%|#####5    | 74/134 [00:01<00:01, 47.71it/s]
accuracy: 0.8942, loss: 0.2617 ||:  62%|######1   | 83/134 [00:01<00:00, 54.20it/s]
accuracy: 0.8972, loss: 0.2571 ||:  68%|######7   | 91/134 [00:01<00:00, 59.87it/s]
accuracy: 0.8986, loss: 0.2576 ||:  74%|#######3  | 99/134 [00:01<00:00, 63.51it/s]
accuracy: 0.9003, loss: 0.2540 ||:  80%|#######9  | 107/134 [00:01<00:00, 64.74it/s]
accuracy: 0.9015, loss: 0.2513 ||:  86%|########5 | 115/134 [00:01<00:00, 65.55it/s]
accuracy: 0.9008, loss: 0.2507 ||:  92%|#########1| 123/134 [00:02<00:00, 66.45it/s]
accuracy: 0.9018, loss: 0.2500 ||:  97%|#########7| 130/134 [00:02<00:00, 60.82it/s]
accuracy: 0.9032, loss: 0.2481 ||: 100%|##########| 134/134 [00:02<00:00, 60.49it/s]

  0%|          | 0/17 [00:00<?, ?it/s]
accuracy: 0.7643, loss: 0.5988 ||:  71%|#######   | 12/17 [00:00<00:00, 115.25it/s]
accuracy: 0.7589, loss: 0.6147 ||: 100%|##########| 17/17 [00:00<00:00, 114.74it/s]

  0%|          | 0/134 [00:00<?, ?it/s]
accuracy: 0.9688, loss: 0.2589 ||:   1%|          | 1/134 [00:00<00:18,  7.31it/s]
accuracy: 0.9288, loss: 0.2099 ||:   7%|6         | 9/134 [00:00<00:12, 10.03it/s]
accuracy: 0.9256, loss: 0.2084 ||:  13%|#2        | 17/134 [00:00<00:08, 13.51it/s]
accuracy: 0.9258, loss: 0.2093 ||:  18%|#7        | 24/134 [00:00<00:06, 17.73it/s]
accuracy: 0.9249, loss: 0.2034 ||:  23%|##3       | 31/134 [00:00<00:04, 22.85it/s]
accuracy: 0.9243, loss: 0.2045 ||:  28%|##8       | 38/134 [00:00<00:03, 28.34it/s]
accuracy: 0.9236, loss: 0.2050 ||:  34%|###3      | 45/134 [00:00<00:02, 34.05it/s]
accuracy: 0.9258, loss: 0.1991 ||:  39%|###8      | 52/134 [00:00<00:02, 40.03it/s]
accuracy: 0.9247, loss: 0.2007 ||:  45%|####4     | 60/134 [00:01<00:01, 45.66it/s]
accuracy: 0.9244, loss: 0.2026 ||:  51%|#####     | 68/134 [00:01<00:01, 51.54it/s]
accuracy: 0.9235, loss: 0.2051 ||:  57%|#####6    | 76/134 [00:01<00:01, 57.09it/s]
accuracy: 0.9241, loss: 0.2037 ||:  63%|######2   | 84/134 [00:01<00:00, 61.52it/s]
accuracy: 0.9246, loss: 0.2038 ||:  69%|######8   | 92/134 [00:01<00:00, 57.36it/s]
accuracy: 0.9242, loss: 0.2035 ||:  75%|#######4  | 100/134 [00:01<00:00, 60.90it/s]
accuracy: 0.9241, loss: 0.2021 ||:  80%|#######9  | 107/134 [00:01<00:00, 63.02it/s]
accuracy: 0.9236, loss: 0.2017 ||:  86%|########5 | 115/134 [00:01<00:00, 65.17it/s]
accuracy: 0.9238, loss: 0.2025 ||:  91%|#########1| 122/134 [00:01<00:00, 66.03it/s]
accuracy: 0.9247, loss: 0.1994 ||:  97%|#########7| 130/134 [00:02<00:00, 66.97it/s]
accuracy: 0.9234, loss: 0.2025 ||: 100%|##########| 134/134 [00:02<00:00, 64.32it/s]

  0%|          | 0/17 [00:00<?, ?it/s]
accuracy: 0.7839, loss: 0.6333 ||:  71%|#######   | 12/17 [00:00<00:00, 115.25it/s]
accuracy: 0.7749, loss: 0.6363 ||: 100%|##########| 17/17 [00:00<00:00, 118.91it/s]

  0%|          | 0/134 [00:00<?, ?it/s]
accuracy: 0.9531, loss: 0.1907 ||:   1%|          | 1/134 [00:00<00:17,  7.67it/s]
accuracy: 0.9258, loss: 0.1718 ||:   6%|5         | 8/134 [00:00<00:12, 10.45it/s]
accuracy: 0.9324, loss: 0.1764 ||:  12%|#1        | 16/134 [00:00<00:08, 14.02it/s]
accuracy: 0.9347, loss: 0.1645 ||:  17%|#7        | 23/134 [00:00<00:06, 18.38it/s]
accuracy: 0.9313, loss: 0.1666 ||:  23%|##3       | 31/134 [00:00<00:04, 23.73it/s]
accuracy: 0.9237, loss: 0.1908 ||:  28%|##8       | 38/134 [00:00<00:03, 29.19it/s]
accuracy: 0.9206, loss: 0.1964 ||:  34%|###3      | 45/134 [00:00<00:02, 35.19it/s]
accuracy: 0.9205, loss: 0.1980 ||:  40%|###9      | 53/134 [00:00<00:01, 42.07it/s]
accuracy: 0.9212, loss: 0.2004 ||:  45%|####4     | 60/134 [00:01<00:01, 44.59it/s]
accuracy: 0.9201, loss: 0.2033 ||:  50%|#####     | 67/134 [00:01<00:01, 49.96it/s]
accuracy: 0.9209, loss: 0.2025 ||:  55%|#####5    | 74/134 [00:01<00:01, 53.49it/s]
accuracy: 0.9221, loss: 0.2020 ||:  60%|######    | 81/134 [00:01<00:00, 57.29it/s]
accuracy: 0.9255, loss: 0.1949 ||:  66%|######6   | 89/134 [00:01<00:00, 61.50it/s]
accuracy: 0.9277, loss: 0.1897 ||:  72%|#######1  | 96/134 [00:01<00:00, 63.62it/s]
accuracy: 0.9280, loss: 0.1890 ||:  78%|#######7  | 104/134 [00:01<00:00, 65.57it/s]
accuracy: 0.9256, loss: 0.1919 ||:  84%|########3 | 112/134 [00:01<00:00, 66.63it/s]
accuracy: 0.9265, loss: 0.1912 ||:  90%|######### | 121/134 [00:01<00:00, 69.46it/s]
accuracy: 0.9262, loss: 0.1929 ||:  96%|#########6| 129/134 [00:01<00:00, 71.27it/s]
accuracy: 0.9265, loss: 0.1919 ||: 100%|##########| 134/134 [00:02<00:00, 65.05it/s]

  0%|          | 0/17 [00:00<?, ?it/s]
accuracy: 0.7656, loss: 0.5858 ||:  76%|#######6  | 13/17 [00:00<00:00, 120.93it/s]
accuracy: 0.7580, loss: 0.5960 ||: 100%|##########| 17/17 [00:00<00:00, 123.48it/s]

  0%|          | 0/134 [00:00<?, ?it/s]
accuracy: 0.8750, loss: 0.2797 ||:   1%|          | 1/134 [00:00<00:19,  6.97it/s]
accuracy: 0.9323, loss: 0.1714 ||:   7%|6         | 9/134 [00:00<00:13,  9.58it/s]
accuracy: 0.9436, loss: 0.1662 ||:  13%|#3        | 18/134 [00:00<00:08, 13.05it/s]
accuracy: 0.9449, loss: 0.1560 ||:  18%|#7        | 24/134 [00:00<00:06, 16.56it/s]
accuracy: 0.9432, loss: 0.1544 ||:  23%|##3       | 31/134 [00:00<00:04, 21.27it/s]
accuracy: 0.9428, loss: 0.1560 ||:  29%|##9       | 39/134 [00:00<00:03, 26.93it/s]
accuracy: 0.9453, loss: 0.1541 ||:  35%|###5      | 47/134 [00:00<00:02, 33.41it/s]
accuracy: 0.9413, loss: 0.1623 ||:  41%|####1     | 55/134 [00:00<00:01, 40.17it/s]
accuracy: 0.9420, loss: 0.1600 ||:  47%|####7     | 63/134 [00:01<00:01, 46.74it/s]
accuracy: 0.9446, loss: 0.1527 ||:  53%|#####2    | 71/134 [00:01<00:01, 52.98it/s]
accuracy: 0.9447, loss: 0.1539 ||:  59%|#####8    | 79/134 [00:01<00:00, 57.29it/s]
accuracy: 0.9473, loss: 0.1475 ||:  65%|######4   | 87/134 [00:01<00:00, 61.66it/s]
accuracy: 0.9461, loss: 0.1518 ||:  71%|#######   | 95/134 [00:01<00:00, 63.32it/s]
accuracy: 0.9471, loss: 0.1504 ||:  77%|#######6  | 103/134 [00:01<00:00, 65.54it/s]
accuracy: 0.9460, loss: 0.1510 ||:  83%|########2 | 111/134 [00:01<00:00, 66.59it/s]
accuracy: 0.9453, loss: 0.1535 ||:  89%|########8 | 119/134 [00:01<00:00, 66.37it/s]
accuracy: 0.9455, loss: 0.1525 ||:  94%|#########4| 126/134 [00:01<00:00, 61.33it/s]
accuracy: 0.9452, loss: 0.1531 ||:  99%|#########9| 133/134 [00:02<00:00, 62.31it/s]
accuracy: 0.9450, loss: 0.1537 ||: 100%|##########| 134/134 [00:02<00:00, 64.46it/s]

  0%|          | 0/17 [00:00<?, ?it/s]
accuracy: 0.7773, loss: 0.6257 ||:  71%|#######   | 12/17 [00:00<00:00, 109.39it/s]
accuracy: 0.7702, loss: 0.6456 ||: 100%|##########| 17/17 [00:00<00:00, 114.95it/s]

  0%|          | 0/134 [00:00<?, ?it/s]
accuracy: 0.9531, loss: 0.1226 ||:   1%|          | 1/134 [00:00<00:18,  7.31it/s]
accuracy: 0.9590, loss: 0.1285 ||:   6%|5         | 8/134 [00:00<00:12,  9.98it/s]
accuracy: 0.9600, loss: 0.1219 ||:  12%|#1        | 16/134 [00:00<00:08, 13.45it/s]
accuracy: 0.9564, loss: 0.1199 ||:  18%|#7        | 24/134 [00:00<00:06, 17.83it/s]
accuracy: 0.9556, loss: 0.1217 ||:  23%|##3       | 31/134 [00:00<00:04, 22.96it/s]
accuracy: 0.9535, loss: 0.1314 ||:  28%|##8       | 38/134 [00:00<00:03, 28.44it/s]
accuracy: 0.9524, loss: 0.1347 ||:  34%|###4      | 46/134 [00:00<00:02, 34.94it/s]
accuracy: 0.9522, loss: 0.1339 ||:  40%|###9      | 53/134 [00:00<00:02, 40.34it/s]
accuracy: 0.9531, loss: 0.1353 ||:  46%|####5     | 61/134 [00:00<00:01, 46.73it/s]
accuracy: 0.9535, loss: 0.1334 ||:  53%|#####2    | 71/134 [00:01<00:01, 55.09it/s]
accuracy: 0.9541, loss: 0.1316 ||:  60%|#####9    | 80/134 [00:01<00:00, 60.78it/s]
accuracy: 0.9529, loss: 0.1336 ||:  66%|######6   | 89/134 [00:01<00:00, 65.37it/s]
accuracy: 0.9536, loss: 0.1329 ||:  72%|#######2  | 97/134 [00:01<00:00, 66.55it/s]
accuracy: 0.9524, loss: 0.1341 ||:  79%|#######9  | 106/134 [00:01<00:00, 71.51it/s]
accuracy: 0.9523, loss: 0.1324 ||:  86%|########5 | 115/134 [00:01<00:00, 73.53it/s]
accuracy: 0.9522, loss: 0.1346 ||:  93%|#########3| 125/134 [00:01<00:00, 77.75it/s]
accuracy: 0.9531, loss: 0.1339 ||: 100%|##########| 134/134 [00:01<00:00, 71.66it/s]

  0%|          | 0/17 [00:00<?, ?it/s]
accuracy: 0.7760, loss: 0.7129 ||:  88%|########8 | 15/17 [00:00<00:00, 142.98it/s]
accuracy: 0.7711, loss: 0.7310 ||: 100%|##########| 17/17 [00:00<00:00, 144.10it/s]

  0%|          | 0/134 [00:00<?, ?it/s]
accuracy: 0.9844, loss: 0.0467 ||:   1%|          | 1/134 [00:00<00:17,  7.54it/s]
accuracy: 0.9635, loss: 0.1103 ||:   9%|8         | 12/134 [00:00<00:11, 10.45it/s]
accuracy: 0.9631, loss: 0.1038 ||:  16%|#6        | 22/134 [00:00<00:07, 14.27it/s]
accuracy: 0.9645, loss: 0.1031 ||:  25%|##4       | 33/134 [00:00<00:05, 19.28it/s]
accuracy: 0.9629, loss: 0.1049 ||:  32%|###2      | 43/134 [00:00<00:03, 25.42it/s]
accuracy: 0.9632, loss: 0.1057 ||:  38%|###8      | 51/134 [00:00<00:02, 31.44it/s]
accuracy: 0.9648, loss: 0.1043 ||:  44%|####4     | 59/134 [00:00<00:02, 36.74it/s]
accuracy: 0.9643, loss: 0.1089 ||:  50%|#####     | 67/134 [00:00<00:01, 43.01it/s]
accuracy: 0.9650, loss: 0.1103 ||:  56%|#####5    | 75/134 [00:01<00:01, 48.97it/s]
accuracy: 0.9647, loss: 0.1116 ||:  63%|######2   | 84/134 [00:01<00:00, 55.61it/s]
accuracy: 0.9642, loss: 0.1113 ||:  69%|######8   | 92/134 [00:01<00:00, 59.16it/s]
accuracy: 0.9644, loss: 0.1105 ||:  75%|#######5  | 101/134 [00:01<00:00, 63.85it/s]
accuracy: 0.9640, loss: 0.1108 ||:  81%|########1 | 109/134 [00:01<00:00, 67.80it/s]
accuracy: 0.9642, loss: 0.1097 ||:  87%|########7 | 117/134 [00:01<00:00, 66.94it/s]
accuracy: 0.9645, loss: 0.1085 ||:  93%|#########3| 125/134 [00:01<00:00, 68.16it/s]
accuracy: 0.9649, loss: 0.1063 ||:  99%|#########9| 133/134 [00:01<00:00, 67.53it/s]
accuracy: 0.9651, loss: 0.1059 ||: 100%|##########| 134/134 [00:01<00:00, 73.16it/s]

  0%|          | 0/17 [00:00<?, ?it/s]
accuracy: 0.7620, loss: 0.8440 ||:  76%|#######6  | 13/17 [00:00<00:00, 126.24it/s]
accuracy: 0.7598, loss: 0.9375 ||: 100%|##########| 17/17 [00:00<00:00, 127.47it/s]

  0%|          | 0/134 [00:00<?, ?it/s]
accuracy: 0.9688, loss: 0.0716 ||:   1%|          | 1/134 [00:00<00:18,  7.32it/s]
accuracy: 0.9672, loss: 0.1077 ||:   7%|7         | 10/134 [00:00<00:12, 10.06it/s]
accuracy: 0.9653, loss: 0.1137 ||:  13%|#3        | 18/134 [00:00<00:08, 13.55it/s]
accuracy: 0.9674, loss: 0.1074 ||:  17%|#7        | 23/134 [00:00<00:06, 17.32it/s]
accuracy: 0.9667, loss: 0.1007 ||:  22%|##2       | 30/134 [00:00<00:04, 22.30it/s]
accuracy: 0.9690, loss: 0.0977 ||:  28%|##8       | 38/134 [00:00<00:03, 28.23it/s]
accuracy: 0.9672, loss: 0.0987 ||:  35%|###5      | 47/134 [00:00<00:02, 35.09it/s]
accuracy: 0.9692, loss: 0.0961 ||:  40%|####      | 54/134 [00:00<00:01, 40.91it/s]
accuracy: 0.9697, loss: 0.0932 ||:  46%|####6     | 62/134 [00:01<00:01, 47.13it/s]
accuracy: 0.9686, loss: 0.0949 ||:  52%|#####2    | 70/134 [00:01<00:01, 53.24it/s]
accuracy: 0.9689, loss: 0.0955 ||:  58%|#####8    | 78/134 [00:01<00:00, 57.95it/s]
accuracy: 0.9687, loss: 0.0983 ||:  64%|######4   | 86/134 [00:01<00:00, 60.34it/s]
accuracy: 0.9687, loss: 0.0992 ||:  69%|######9   | 93/134 [00:01<00:00, 61.91it/s]
accuracy: 0.9688, loss: 0.0993 ||:  75%|#######5  | 101/134 [00:01<00:00, 65.49it/s]
accuracy: 0.9687, loss: 0.0990 ||:  81%|########1 | 109/134 [00:01<00:00, 67.32it/s]
accuracy: 0.9686, loss: 0.0991 ||:  87%|########7 | 117/134 [00:01<00:00, 68.03it/s]
accuracy: 0.9688, loss: 0.0971 ||:  93%|#########3| 125/134 [00:01<00:00, 66.57it/s]
accuracy: 0.9693, loss: 0.0961 ||:  99%|#########8| 132/134 [00:02<00:00, 66.95it/s]
accuracy: 0.9698, loss: 0.0950 ||: 100%|##########| 134/134 [00:02<00:00, 66.13it/s]

  0%|          | 0/17 [00:00<?, ?it/s]
accuracy: 0.7682, loss: 0.7836 ||:  71%|#######   | 12/17 [00:00<00:00, 114.01it/s]
accuracy: 0.7617, loss: 0.8548 ||: 100%|##########| 17/17 [00:00<00:00, 119.98it/s]

  0%|          | 0/134 [00:00<?, ?it/s]
accuracy: 1.0000, loss: 0.0212 ||:   1%|          | 1/134 [00:00<00:18,  7.37it/s]
accuracy: 0.9826, loss: 0.0809 ||:   7%|6         | 9/134 [00:00<00:12, 10.10it/s]
accuracy: 0.9779, loss: 0.0780 ||:  13%|#2        | 17/134 [00:00<00:08, 13.60it/s]
accuracy: 0.9707, loss: 0.0926 ||:  18%|#7        | 24/134 [00:00<00:06, 17.84it/s]
accuracy: 0.9693, loss: 0.0935 ||:  23%|##3       | 31/134 [00:00<00:04, 22.77it/s]
accuracy: 0.9696, loss: 0.0962 ||:  28%|##8       | 38/134 [00:00<00:03, 28.40it/s]
accuracy: 0.9721, loss: 0.0904 ||:  34%|###4      | 46/134 [00:00<00:02, 34.91it/s]
accuracy: 0.9717, loss: 0.0901 ||:  40%|###9      | 53/134 [00:00<00:01, 41.08it/s]
accuracy: 0.9734, loss: 0.0864 ||:  46%|####5     | 61/134 [00:00<00:01, 47.42it/s]
accuracy: 0.9729, loss: 0.0876 ||:  51%|#####     | 68/134 [00:01<00:01, 51.87it/s]
accuracy: 0.9721, loss: 0.0877 ||:  56%|#####5    | 75/134 [00:01<00:01, 55.63it/s]
accuracy: 0.9727, loss: 0.0882 ||:  62%|######1   | 83/134 [00:01<00:00, 60.87it/s]
accuracy: 0.9737, loss: 0.0845 ||:  68%|######7   | 91/134 [00:01<00:00, 58.36it/s]
accuracy: 0.9733, loss: 0.0846 ||:  74%|#######3  | 99/134 [00:01<00:00, 61.10it/s]
accuracy: 0.9744, loss: 0.0830 ||:  80%|#######9  | 107/134 [00:01<00:00, 62.86it/s]
accuracy: 0.9728, loss: 0.0867 ||:  86%|########5 | 115/134 [00:01<00:00, 66.26it/s]
accuracy: 0.9728, loss: 0.0876 ||:  91%|#########1| 122/134 [00:01<00:00, 66.67it/s]
accuracy: 0.9727, loss: 0.0886 ||:  96%|#########6| 129/134 [00:02<00:00, 65.81it/s]
accuracy: 0.9728, loss: 0.0877 ||: 100%|##########| 134/134 [00:02<00:00, 64.56it/s]

  0%|          | 0/17 [00:00<?, ?it/s]
accuracy: 0.7643, loss: 0.8118 ||:  71%|#######   | 12/17 [00:00<00:00, 116.21it/s]
accuracy: 0.7570, loss: 0.8793 ||: 100%|##########| 17/17 [00:00<00:00, 115.03it/s]

  0%|          | 0/134 [00:00<?, ?it/s]
accuracy: 0.9844, loss: 0.0439 ||:   1%|          | 1/134 [00:00<00:17,  7.48it/s]
accuracy: 0.9727, loss: 0.0764 ||:   6%|5         | 8/134 [00:00<00:12, 10.21it/s]
accuracy: 0.9707, loss: 0.0830 ||:  12%|#1        | 16/134 [00:00<00:08, 13.80it/s]
accuracy: 0.9746, loss: 0.0725 ||:  18%|#7        | 24/134 [00:00<00:06, 18.33it/s]
accuracy: 0.9733, loss: 0.0744 ||:  23%|##3       | 31/134 [00:00<00:04, 23.46it/s]
accuracy: 0.9736, loss: 0.0758 ||:  29%|##9       | 39/134 [00:00<00:03, 29.73it/s]
accuracy: 0.9755, loss: 0.0742 ||:  34%|###4      | 46/134 [00:00<00:02, 35.65it/s]
accuracy: 0.9761, loss: 0.0742 ||:  40%|###9      | 53/134 [00:00<00:01, 41.58it/s]
accuracy: 0.9727, loss: 0.0786 ||:  45%|####4     | 60/134 [00:00<00:01, 44.05it/s]
accuracy: 0.9713, loss: 0.0824 ||:  51%|#####     | 68/134 [00:01<00:01, 50.65it/s]
accuracy: 0.9710, loss: 0.0818 ||:  56%|#####5    | 75/134 [00:01<00:01, 54.33it/s]
accuracy: 0.9712, loss: 0.0824 ||:  62%|######1   | 83/134 [00:01<00:00, 58.29it/s]
accuracy: 0.9720, loss: 0.0801 ||:  68%|######7   | 91/134 [00:01<00:00, 61.93it/s]
accuracy: 0.9732, loss: 0.0783 ||:  74%|#######3  | 99/134 [00:01<00:00, 65.76it/s]
accuracy: 0.9738, loss: 0.0764 ||:  80%|#######9  | 107/134 [00:01<00:00, 66.54it/s]
accuracy: 0.9744, loss: 0.0756 ||:  86%|########5 | 115/134 [00:01<00:00, 69.77it/s]
accuracy: 0.9746, loss: 0.0752 ||:  92%|#########1| 123/134 [00:01<00:00, 69.26it/s]
accuracy: 0.9742, loss: 0.0770 ||:  98%|#########7| 131/134 [00:01<00:00, 70.59it/s]
accuracy: 0.9743, loss: 0.0766 ||: 100%|##########| 134/134 [00:02<00:00, 66.59it/s]

  0%|          | 0/17 [00:00<?, ?it/s]
accuracy: 0.7708, loss: 0.8969 ||:  71%|#######   | 12/17 [00:00<00:00, 110.57it/s]
accuracy: 0.7683, loss: 0.9626 ||: 100%|##########| 17/17 [00:00<00:00, 110.68it/s]

  0%|          | 0/134 [00:00<?, ?it/s]
accuracy: 0.9688, loss: 0.1316 ||:   1%|          | 1/134 [00:00<00:17,  7.41it/s]
accuracy: 0.9705, loss: 0.0969 ||:   7%|6         | 9/134 [00:00<00:12, 10.14it/s]
accuracy: 0.9785, loss: 0.0825 ||:  12%|#1        | 16/134 [00:00<00:08, 13.62it/s]
accuracy: 0.9769, loss: 0.0823 ||:  16%|#5        | 21/134 [00:00<00:06, 17.25it/s]
accuracy: 0.9786, loss: 0.0792 ||:  22%|##2       | 30/134 [00:00<00:04, 22.45it/s]
accuracy: 0.9786, loss: 0.0740 ||:  28%|##8       | 38/134 [00:00<00:03, 28.15it/s]
accuracy: 0.9795, loss: 0.0748 ||:  34%|###3      | 45/134 [00:00<00:02, 34.04it/s]
accuracy: 0.9802, loss: 0.0729 ||:  39%|###8      | 52/134 [00:00<00:02, 39.73it/s]
accuracy: 0.9805, loss: 0.0696 ||:  45%|####4     | 60/134 [00:01<00:01, 45.34it/s]
accuracy: 0.9806, loss: 0.0694 ||:  50%|#####     | 67/134 [00:01<00:01, 50.26it/s]
accuracy: 0.9812, loss: 0.0679 ||:  56%|#####5    | 75/134 [00:01<00:01, 56.19it/s]
accuracy: 0.9808, loss: 0.0676 ||:  61%|######1   | 82/134 [00:01<00:00, 58.35it/s]
accuracy: 0.9814, loss: 0.0664 ||:  66%|######6   | 89/134 [00:01<00:00, 58.47it/s]
accuracy: 0.9821, loss: 0.0635 ||:  72%|#######1  | 96/134 [00:01<00:00, 61.01it/s]
accuracy: 0.9821, loss: 0.0635 ||:  78%|#######7  | 104/134 [00:01<00:00, 64.12it/s]
accuracy: 0.9822, loss: 0.0628 ||:  84%|########3 | 112/134 [00:01<00:00, 66.72it/s]
accuracy: 0.9813, loss: 0.0634 ||:  90%|########9 | 120/134 [00:01<00:00, 62.67it/s]
accuracy: 0.9810, loss: 0.0637 ||:  96%|#########5| 128/134 [00:02<00:00, 65.90it/s]
accuracy: 0.9812, loss: 0.0626 ||: 100%|##########| 134/134 [00:02<00:00, 63.39it/s]

  0%|          | 0/17 [00:00<?, ?it/s]
accuracy: 0.7695, loss: 0.8568 ||:  71%|#######   | 12/17 [00:00<00:00, 115.40it/s]
accuracy: 0.7608, loss: 0.9091 ||: 100%|##########| 17/17 [00:00<00:00, 116.02it/s]

  0%|          | 0/134 [00:00<?, ?it/s]
accuracy: 0.9844, loss: 0.0831 ||:   1%|          | 1/134 [00:00<00:18,  7.16it/s]
accuracy: 0.9861, loss: 0.0412 ||:   7%|6         | 9/134 [00:00<00:12,  9.81it/s]
accuracy: 0.9834, loss: 0.0515 ||:  12%|#1        | 16/134 [00:00<00:08, 13.19it/s]
accuracy: 0.9857, loss: 0.0462 ||:  17%|#7        | 23/134 [00:00<00:06, 17.37it/s]
accuracy: 0.9869, loss: 0.0450 ||:  23%|##3       | 31/134 [00:00<00:04, 22.40it/s]
accuracy: 0.9855, loss: 0.0527 ||:  30%|##9       | 40/134 [00:00<00:03, 28.83it/s]
accuracy: 0.9850, loss: 0.0530 ||:  35%|###5      | 47/134 [00:00<00:02, 34.91it/s]
accuracy: 0.9850, loss: 0.0527 ||:  40%|####      | 54/134 [00:00<00:01, 40.95it/s]
accuracy: 0.9844, loss: 0.0545 ||:  46%|####6     | 62/134 [00:00<00:01, 46.60it/s]
accuracy: 0.9846, loss: 0.0530 ||:  52%|#####2    | 70/134 [00:01<00:01, 51.76it/s]
accuracy: 0.9852, loss: 0.0505 ||:  57%|#####7    | 77/134 [00:01<00:01, 56.03it/s]
accuracy: 0.9858, loss: 0.0505 ||:  63%|######3   | 85/134 [00:01<00:00, 61.34it/s]
accuracy: 0.9840, loss: 0.0550 ||:  69%|######9   | 93/134 [00:01<00:00, 57.37it/s]
accuracy: 0.9834, loss: 0.0575 ||:  75%|#######5  | 101/134 [00:01<00:00, 60.66it/s]
accuracy: 0.9837, loss: 0.0571 ||:  81%|########1 | 109/134 [00:01<00:00, 63.78it/s]
accuracy: 0.9839, loss: 0.0573 ||:  87%|########7 | 117/134 [00:01<00:00, 64.85it/s]
accuracy: 0.9834, loss: 0.0582 ||:  93%|#########3| 125/134 [00:01<00:00, 66.60it/s]
accuracy: 0.9831, loss: 0.0607 ||:  99%|#########8| 132/134 [00:02<00:00, 66.99it/s]
accuracy: 0.9826, loss: 0.0618 ||: 100%|##########| 134/134 [00:02<00:00, 64.99it/s]

  0%|          | 0/17 [00:00<?, ?it/s]
accuracy: 0.7628, loss: 0.9454 ||:  65%|######4   | 11/17 [00:00<00:00, 108.34it/s]
accuracy: 0.7608, loss: 0.9958 ||: 100%|##########| 17/17 [00:00<00:00, 112.16it/s]

  0%|          | 0/134 [00:00<?, ?it/s]
accuracy: 1.0000, loss: 0.0046 ||:   1%|          | 1/134 [00:00<00:31,  4.26it/s]
accuracy: 0.9878, loss: 0.0324 ||:   7%|6         | 9/134 [00:00<00:21,  5.94it/s]
accuracy: 0.9890, loss: 0.0355 ||:  13%|#2        | 17/134 [00:00<00:14,  8.21it/s]
accuracy: 0.9889, loss: 0.0363 ||:  18%|#7        | 24/134 [00:00<00:09, 11.13it/s]
accuracy: 0.9844, loss: 0.0471 ||:  24%|##3       | 32/134 [00:00<00:06, 14.97it/s]
accuracy: 0.9840, loss: 0.0490 ||:  29%|##9       | 39/134 [00:00<00:04, 19.55it/s]
accuracy: 0.9847, loss: 0.0464 ||:  34%|###4      | 46/134 [00:00<00:03, 24.72it/s]
accuracy: 0.9847, loss: 0.0498 ||:  40%|###9      | 53/134 [00:01<00:02, 28.94it/s]
accuracy: 0.9844, loss: 0.0497 ||:  46%|####5     | 61/134 [00:01<00:02, 34.99it/s]
accuracy: 0.9831, loss: 0.0529 ||:  51%|#####1    | 69/134 [00:01<00:01, 41.05it/s]
accuracy: 0.9812, loss: 0.0581 ||:  57%|#####7    | 77/134 [00:01<00:01, 47.35it/s]
accuracy: 0.9818, loss: 0.0562 ||:  63%|######3   | 85/134 [00:01<00:00, 52.41it/s]
accuracy: 0.9819, loss: 0.0574 ||:  69%|######9   | 93/134 [00:01<00:00, 56.18it/s]
accuracy: 0.9824, loss: 0.0560 ||:  75%|#######4  | 100/134 [00:01<00:00, 59.35it/s]
accuracy: 0.9825, loss: 0.0555 ||:  81%|########  | 108/134 [00:01<00:00, 62.92it/s]
accuracy: 0.9828, loss: 0.0553 ||:  86%|########5 | 115/134 [00:01<00:00, 63.27it/s]
accuracy: 0.9834, loss: 0.0533 ||:  91%|#########1| 122/134 [00:02<00:00, 65.07it/s]
accuracy: 0.9840, loss: 0.0514 ||:  96%|#########6| 129/134 [00:02<00:00, 65.71it/s]
accuracy: 0.9839, loss: 0.0521 ||: 100%|##########| 134/134 [00:02<00:00, 61.24it/s]

  0%|          | 0/17 [00:00<?, ?it/s]
accuracy: 0.7695, loss: 1.0525 ||:  71%|#######   | 12/17 [00:00<00:00, 115.20it/s]
accuracy: 0.7664, loss: 1.1432 ||: 100%|##########| 17/17 [00:00<00:00, 114.61it/s]

