2019-07-15 16:51:10,736 - INFO - allennlp.common.params - random_seed = 1
2019-07-15 16:51:10,736 - INFO - allennlp.common.params - numpy_seed = 1
2019-07-15 16:51:10,736 - INFO - allennlp.common.params - pytorch_seed = 1
2019-07-15 16:51:10,745 - INFO - allennlp.common.checks - Pytorch version: 1.1.0
2019-07-15 16:51:10,746 - INFO - allennlp.common.params - dataset_reader = cws_dataset_reader
2019-07-15 16:51:10,746 - INFO - allennlp.common.from_params - instantiating class <class 'allennlp.data.dataset_readers.dataset_reader.DatasetReader'> from params cws_dataset_reader and extras set()
2019-07-15 16:51:10,746 - INFO - allennlp.common.params - type = cws_dataset_reader
2019-07-15 16:51:10,747 - INFO - allennlp.common.from_params - instantiating class <class 'assets.CWSDatasetReader'> from params {} and extras set()
2019-07-15 16:51:10,747 - INFO - allennlp.common.params - train_data_path = ./data/train.txt
2019-07-15 16:51:15,028 - INFO - allennlp.common.params - validation_data_path = ./data/valid.txt
2019-07-15 16:51:15,328 - INFO - allennlp.data.vocabulary - Fitting token dictionary from dataset.
2019-07-15 16:51:16,271 - INFO - allennlp.common.from_params - instantiating class <class 'allennlp.models.model.Model'> from params {'encoder': {'batch_first': True, 'bidirectional': True, 'hidden_size': 128, 'input_size': 256, 'type': 'lstm'}, 'type': 'cws_model', 'word_embeddings': {'tokens': {'embedding_dim': 256, 'type': 'embedding'}, 'type': 'basic'}} and extras {'vocab'}
2019-07-15 16:51:16,272 - INFO - allennlp.common.params - model.type = cws_model
2019-07-15 16:51:16,272 - INFO - allennlp.common.from_params - instantiating class <class 'assets.CWSModel'> from params {'encoder': {'batch_first': True, 'bidirectional': True, 'hidden_size': 128, 'input_size': 256, 'type': 'lstm'}, 'word_embeddings': {'tokens': {'embedding_dim': 256, 'type': 'embedding'}, 'type': 'basic'}} and extras {'vocab'}
2019-07-15 16:51:16,272 - INFO - allennlp.common.from_params - instantiating class <class 'allennlp.modules.text_field_embedders.text_field_embedder.TextFieldEmbedder'> from params {'tokens': {'embedding_dim': 256, 'type': 'embedding'}, 'type': 'basic'} and extras {'vocab'}
2019-07-15 16:51:16,272 - INFO - allennlp.common.params - model.word_embeddings.type = basic
2019-07-15 16:51:16,272 - INFO - allennlp.common.params - model.word_embeddings.embedder_to_indexer_map = None
2019-07-15 16:51:16,272 - INFO - allennlp.common.params - model.word_embeddings.allow_unmatched_keys = False
2019-07-15 16:51:16,272 - INFO - allennlp.common.params - model.word_embeddings.token_embedders = None
2019-07-15 16:51:16,272 - INFO - allennlp.common.from_params - instantiating class <class 'allennlp.modules.token_embedders.token_embedder.TokenEmbedder'> from params {'embedding_dim': 256, 'type': 'embedding'} and extras {'vocab'}
2019-07-15 16:51:16,272 - INFO - allennlp.common.params - model.word_embeddings.tokens.type = embedding
2019-07-15 16:51:16,272 - INFO - allennlp.common.params - model.word_embeddings.tokens.num_embeddings = None
2019-07-15 16:51:16,272 - INFO - allennlp.common.params - model.word_embeddings.tokens.vocab_namespace = tokens
2019-07-15 16:51:16,272 - INFO - allennlp.common.params - model.word_embeddings.tokens.embedding_dim = 256
2019-07-15 16:51:16,272 - INFO - allennlp.common.params - model.word_embeddings.tokens.pretrained_file = None
2019-07-15 16:51:16,272 - INFO - allennlp.common.params - model.word_embeddings.tokens.projection_dim = None
2019-07-15 16:51:16,272 - INFO - allennlp.common.params - model.word_embeddings.tokens.trainable = True
2019-07-15 16:51:16,272 - INFO - allennlp.common.params - model.word_embeddings.tokens.padding_index = None
2019-07-15 16:51:16,272 - INFO - allennlp.common.params - model.word_embeddings.tokens.max_norm = None
2019-07-15 16:51:16,272 - INFO - allennlp.common.params - model.word_embeddings.tokens.norm_type = 2.0
2019-07-15 16:51:16,273 - INFO - allennlp.common.params - model.word_embeddings.tokens.scale_grad_by_freq = False
2019-07-15 16:51:16,273 - INFO - allennlp.common.params - model.word_embeddings.tokens.sparse = False
2019-07-15 16:51:16,280 - INFO - allennlp.common.from_params - instantiating class <class 'allennlp.modules.seq2seq_encoders.seq2seq_encoder.Seq2SeqEncoder'> from params {'batch_first': True, 'bidirectional': True, 'hidden_size': 128, 'input_size': 256, 'type': 'lstm'} and extras {'vocab'}
2019-07-15 16:51:16,280 - INFO - allennlp.common.params - model.encoder.type = lstm
2019-07-15 16:51:16,280 - INFO - allennlp.common.params - model.encoder.batch_first = True
2019-07-15 16:51:16,280 - INFO - allennlp.common.params - model.encoder.stateful = False
2019-07-15 16:51:16,281 - INFO - allennlp.common.params - Converting Params object to dict; logging of default values will not occur when dictionary parameters are used subsequently.
2019-07-15 16:51:16,281 - INFO - allennlp.common.params - CURRENTLY DEFINED PARAMETERS: 
2019-07-15 16:51:16,281 - INFO - allennlp.common.params - model.encoder.bidirectional = True
2019-07-15 16:51:16,281 - INFO - allennlp.common.params - model.encoder.hidden_size = 128
2019-07-15 16:51:16,281 - INFO - allennlp.common.params - model.encoder.input_size = 256
2019-07-15 16:51:16,281 - INFO - allennlp.common.params - model.encoder.batch_first = True
2019-07-15 16:51:16,284 - INFO - allennlp.common.from_params - instantiating class <class 'allennlp.data.iterators.data_iterator.DataIterator'> from params {'batch_size': 64, 'sorting_keys': [['sentence', 'num_tokens']], 'type': 'bucket'} and extras set()
2019-07-15 16:51:16,284 - INFO - allennlp.common.params - iterator.type = bucket
2019-07-15 16:51:16,284 - INFO - allennlp.common.from_params - instantiating class <class 'allennlp.data.iterators.bucket_iterator.BucketIterator'> from params {'batch_size': 64, 'sorting_keys': [['sentence', 'num_tokens']]} and extras set()
2019-07-15 16:51:16,284 - INFO - allennlp.common.params - iterator.sorting_keys = [['sentence', 'num_tokens']]
2019-07-15 16:51:16,284 - INFO - allennlp.common.params - iterator.padding_noise = 0.1
2019-07-15 16:51:16,284 - INFO - allennlp.common.params - iterator.biggest_batch_first = False
2019-07-15 16:51:16,284 - INFO - allennlp.common.params - iterator.batch_size = 64
2019-07-15 16:51:16,284 - INFO - allennlp.common.params - iterator.instances_per_epoch = None
2019-07-15 16:51:16,284 - INFO - allennlp.common.params - iterator.max_instances_in_memory = None
2019-07-15 16:51:16,284 - INFO - allennlp.common.params - iterator.cache_instances = False
2019-07-15 16:51:16,284 - INFO - allennlp.common.params - iterator.track_epoch = False
2019-07-15 16:51:16,284 - INFO - allennlp.common.params - iterator.maximum_samples_per_batch = None
2019-07-15 16:51:16,284 - INFO - allennlp.common.params - trainer.patience = 10
2019-07-15 16:51:16,285 - INFO - allennlp.common.params - trainer.validation_metric = +f1
2019-07-15 16:51:16,285 - INFO - allennlp.common.params - trainer.shuffle = True
2019-07-15 16:51:16,285 - INFO - allennlp.common.params - trainer.num_epochs = 100
2019-07-15 16:51:16,285 - INFO - allennlp.common.params - trainer.cuda_device = 1
2019-07-15 16:51:16,285 - INFO - allennlp.common.params - trainer.grad_norm = None
2019-07-15 16:51:16,285 - INFO - allennlp.common.params - trainer.grad_clipping = 5
2019-07-15 16:51:16,285 - INFO - allennlp.common.params - trainer.learning_rate_scheduler = None
2019-07-15 16:51:16,285 - INFO - allennlp.common.params - trainer.momentum_scheduler = None
2019-07-15 16:51:19,374 - INFO - allennlp.common.params - trainer.optimizer.type = adam
2019-07-15 16:51:19,374 - INFO - allennlp.common.params - trainer.optimizer.parameter_groups = None
2019-07-15 16:51:19,374 - INFO - allennlp.training.optimizers - Number of trainable parameters: 1581828
2019-07-15 16:51:19,375 - INFO - allennlp.common.params - trainer.optimizer.infer_type_and_cast = True
2019-07-15 16:51:19,375 - INFO - allennlp.common.params - Converting Params object to dict; logging of default values will not occur when dictionary parameters are used subsequently.
2019-07-15 16:51:19,375 - INFO - allennlp.common.params - CURRENTLY DEFINED PARAMETERS: 
2019-07-15 16:51:19,375 - INFO - allennlp.common.params - trainer.optimizer.lr = 0.001
2019-07-15 16:51:19,375 - INFO - allennlp.common.params - trainer.num_serialized_models_to_keep = 20
2019-07-15 16:51:19,375 - INFO - allennlp.common.params - trainer.keep_serialized_model_every_num_seconds = None
2019-07-15 16:51:19,375 - INFO - allennlp.common.params - trainer.model_save_interval = None
2019-07-15 16:51:19,375 - INFO - allennlp.common.params - trainer.summary_interval = 100
2019-07-15 16:51:19,375 - INFO - allennlp.common.params - trainer.histogram_interval = None
2019-07-15 16:51:19,376 - INFO - allennlp.common.params - trainer.should_log_parameter_statistics = True
2019-07-15 16:51:19,376 - INFO - allennlp.common.params - trainer.should_log_learning_rate = False
2019-07-15 16:51:19,376 - INFO - allennlp.common.params - trainer.log_batch_size_period = None
2019-07-15 16:51:19,378 - INFO - allennlp.training.trainer - Beginning training.
2019-07-15 16:51:19,378 - INFO - allennlp.training.trainer - Epoch 0/99
2019-07-15 16:51:19,378 - INFO - allennlp.training.trainer - Peak CPU memory usage MB: 3201.428
2019-07-15 16:51:19,482 - INFO - allennlp.training.trainer - GPU 0 memory usage MB: 8241
2019-07-15 16:51:19,482 - INFO - allennlp.training.trainer - GPU 1 memory usage MB: 2677
2019-07-15 16:51:19,482 - INFO - allennlp.training.trainer - Training
2019-07-15 16:51:35,089 - INFO - allennlp.training.trainer - Validating
2019-07-15 16:51:36,338 - INFO - allennlp.training.tensorboard_writer -                     Training |  Validation
2019-07-15 16:51:36,338 - INFO - allennlp.training.tensorboard_writer - loss            |     0.675  |     0.443
2019-07-15 16:51:36,338 - INFO - allennlp.training.tensorboard_writer - precision       |     0.645  |     0.812
2019-07-15 16:51:36,339 - INFO - allennlp.training.tensorboard_writer - f1              |     0.690  |     0.824
2019-07-15 16:51:36,352 - INFO - allennlp.training.tensorboard_writer - gpu_0_memory_MB |  8241.000  |       N/A
2019-07-15 16:51:36,352 - INFO - allennlp.training.tensorboard_writer - recall          |     0.740  |     0.837
2019-07-15 16:51:36,352 - INFO - allennlp.training.tensorboard_writer - cpu_memory_MB   |  3201.428  |       N/A
2019-07-15 16:51:36,353 - INFO - allennlp.training.tensorboard_writer - gpu_1_memory_MB |  2677.000  |       N/A
2019-07-15 16:51:36,366 - INFO - allennlp.training.checkpointer - Best validation performance so far. Copying weights to './output//best.th'.
2019-07-15 16:51:36,370 - INFO - allennlp.training.trainer - Epoch duration: 0:00:16.992461
2019-07-15 16:51:36,371 - INFO - allennlp.training.trainer - Estimated training time remaining: 0:28:02
2019-07-15 16:51:36,371 - INFO - allennlp.training.trainer - Epoch 1/99
2019-07-15 16:51:36,371 - INFO - allennlp.training.trainer - Peak CPU memory usage MB: 3263.86
2019-07-15 16:51:36,465 - INFO - allennlp.training.trainer - GPU 0 memory usage MB: 8241
2019-07-15 16:51:36,465 - INFO - allennlp.training.trainer - GPU 1 memory usage MB: 2638
2019-07-15 16:51:36,465 - INFO - allennlp.training.trainer - Training
2019-07-15 16:51:49,130 - INFO - allennlp.training.trainer - Validating
2019-07-15 16:51:50,372 - INFO - allennlp.training.tensorboard_writer -                     Training |  Validation
2019-07-15 16:51:50,372 - INFO - allennlp.training.tensorboard_writer - loss            |     0.405  |     0.379
2019-07-15 16:51:50,373 - INFO - allennlp.training.tensorboard_writer - precision       |     0.825  |     0.841
2019-07-15 16:51:50,373 - INFO - allennlp.training.tensorboard_writer - f1              |     0.835  |     0.847
2019-07-15 16:51:50,373 - INFO - allennlp.training.tensorboard_writer - gpu_0_memory_MB |  8241.000  |       N/A
2019-07-15 16:51:50,373 - INFO - allennlp.training.tensorboard_writer - recall          |     0.845  |     0.855
2019-07-15 16:51:50,373 - INFO - allennlp.training.tensorboard_writer - cpu_memory_MB   |  3263.860  |       N/A
2019-07-15 16:51:50,374 - INFO - allennlp.training.tensorboard_writer - gpu_1_memory_MB |  2638.000  |       N/A
2019-07-15 16:51:50,390 - INFO - allennlp.training.checkpointer - Best validation performance so far. Copying weights to './output//best.th'.
2019-07-15 16:51:50,397 - INFO - allennlp.training.trainer - Epoch duration: 0:00:14.025539
2019-07-15 16:51:50,397 - INFO - allennlp.training.trainer - Estimated training time remaining: 0:25:19
2019-07-15 16:51:50,397 - INFO - allennlp.training.trainer - Epoch 2/99
2019-07-15 16:51:50,397 - INFO - allennlp.training.trainer - Peak CPU memory usage MB: 3265.804
2019-07-15 16:51:50,519 - INFO - allennlp.training.trainer - GPU 0 memory usage MB: 8241
2019-07-15 16:51:50,520 - INFO - allennlp.training.trainer - GPU 1 memory usage MB: 2638
2019-07-15 16:51:50,520 - INFO - allennlp.training.trainer - Training
2019-07-15 16:52:04,192 - INFO - allennlp.training.trainer - Validating
2019-07-15 16:52:05,783 - INFO - allennlp.training.tensorboard_writer -                     Training |  Validation
2019-07-15 16:52:05,784 - INFO - allennlp.training.tensorboard_writer - loss            |     0.338  |     0.342
2019-07-15 16:52:05,784 - INFO - allennlp.training.tensorboard_writer - precision       |     0.848  |     0.855
2019-07-15 16:52:05,784 - INFO - allennlp.training.tensorboard_writer - f1              |     0.857  |     0.863
2019-07-15 16:52:05,785 - INFO - allennlp.training.tensorboard_writer - gpu_0_memory_MB |  8241.000  |       N/A
2019-07-15 16:52:05,785 - INFO - allennlp.training.tensorboard_writer - recall          |     0.867  |     0.871
2019-07-15 16:52:05,785 - INFO - allennlp.training.tensorboard_writer - cpu_memory_MB   |  3265.804  |       N/A
2019-07-15 16:52:05,785 - INFO - allennlp.training.tensorboard_writer - gpu_1_memory_MB |  2638.000  |       N/A
2019-07-15 16:52:05,806 - INFO - allennlp.training.checkpointer - Best validation performance so far. Copying weights to './output//best.th'.
2019-07-15 16:52:05,811 - INFO - allennlp.training.trainer - Epoch duration: 0:00:15.413678
2019-07-15 16:52:05,811 - INFO - allennlp.training.trainer - Estimated training time remaining: 0:25:01
2019-07-15 16:52:05,811 - INFO - allennlp.training.trainer - Epoch 3/99
2019-07-15 16:52:05,811 - INFO - allennlp.training.trainer - Peak CPU memory usage MB: 3265.876
2019-07-15 16:52:05,933 - INFO - allennlp.training.trainer - GPU 0 memory usage MB: 8241
2019-07-15 16:52:05,934 - INFO - allennlp.training.trainer - GPU 1 memory usage MB: 3469
2019-07-15 16:52:05,934 - INFO - allennlp.training.trainer - Training
2019-07-15 16:52:26,323 - INFO - allennlp.training.trainer - Validating
2019-07-15 16:52:28,146 - INFO - allennlp.training.tensorboard_writer -                     Training |  Validation
2019-07-15 16:52:28,146 - INFO - allennlp.training.tensorboard_writer - loss            |     0.288  |     0.308
2019-07-15 16:52:28,147 - INFO - allennlp.training.tensorboard_writer - precision       |     0.866  |     0.869
2019-07-15 16:52:28,147 - INFO - allennlp.training.tensorboard_writer - f1              |     0.875  |     0.877
2019-07-15 16:52:28,147 - INFO - allennlp.training.tensorboard_writer - gpu_0_memory_MB |  8241.000  |       N/A
2019-07-15 16:52:28,148 - INFO - allennlp.training.tensorboard_writer - recall          |     0.884  |     0.886
2019-07-15 16:52:28,148 - INFO - allennlp.training.tensorboard_writer - cpu_memory_MB   |  3265.876  |       N/A
2019-07-15 16:52:28,148 - INFO - allennlp.training.tensorboard_writer - gpu_1_memory_MB |  3469.000  |       N/A
2019-07-15 16:52:28,161 - INFO - allennlp.training.checkpointer - Best validation performance so far. Copying weights to './output//best.th'.
2019-07-15 16:52:28,166 - INFO - allennlp.training.trainer - Epoch duration: 0:00:22.355035
2019-07-15 16:52:28,166 - INFO - allennlp.training.trainer - Estimated training time remaining: 0:27:30
2019-07-15 16:52:28,166 - INFO - allennlp.training.trainer - Epoch 4/99
2019-07-15 16:52:28,166 - INFO - allennlp.training.trainer - Peak CPU memory usage MB: 3265.876
2019-07-15 16:52:28,284 - INFO - allennlp.training.trainer - GPU 0 memory usage MB: 8241
2019-07-15 16:52:28,284 - INFO - allennlp.training.trainer - GPU 1 memory usage MB: 6500
2019-07-15 16:52:28,284 - INFO - allennlp.training.trainer - Training
2019-07-15 16:52:49,404 - INFO - allennlp.training.trainer - Validating
2019-07-15 16:52:51,040 - INFO - allennlp.training.tensorboard_writer -                     Training |  Validation
2019-07-15 16:52:51,040 - INFO - allennlp.training.tensorboard_writer - loss            |     0.251  |     0.293
2019-07-15 16:52:51,041 - INFO - allennlp.training.tensorboard_writer - precision       |     0.878  |     0.872
2019-07-15 16:52:51,041 - INFO - allennlp.training.tensorboard_writer - f1              |     0.888  |     0.884
2019-07-15 16:52:51,041 - INFO - allennlp.training.tensorboard_writer - gpu_0_memory_MB |  8241.000  |       N/A
2019-07-15 16:52:51,041 - INFO - allennlp.training.tensorboard_writer - recall          |     0.897  |     0.896
2019-07-15 16:52:51,041 - INFO - allennlp.training.tensorboard_writer - cpu_memory_MB   |  3265.876  |       N/A
2019-07-15 16:52:51,042 - INFO - allennlp.training.tensorboard_writer - gpu_1_memory_MB |  6500.000  |       N/A
2019-07-15 16:52:51,057 - INFO - allennlp.training.checkpointer - Best validation performance so far. Copying weights to './output//best.th'.
2019-07-15 16:52:51,064 - INFO - allennlp.training.trainer - Epoch duration: 0:00:22.897923
2019-07-15 16:52:51,064 - INFO - allennlp.training.trainer - Estimated training time remaining: 0:29:02
2019-07-15 16:52:51,065 - INFO - allennlp.training.trainer - Epoch 5/99
2019-07-15 16:52:51,065 - INFO - allennlp.training.trainer - Peak CPU memory usage MB: 3265.876
2019-07-15 16:52:51,176 - INFO - allennlp.training.trainer - GPU 0 memory usage MB: 8241
2019-07-15 16:52:51,176 - INFO - allennlp.training.trainer - GPU 1 memory usage MB: 6500
2019-07-15 16:52:51,176 - INFO - allennlp.training.trainer - Training
2019-07-15 16:53:12,420 - INFO - allennlp.training.trainer - Validating
2019-07-15 16:53:14,089 - INFO - allennlp.training.tensorboard_writer -                     Training |  Validation
2019-07-15 16:53:14,089 - INFO - allennlp.training.tensorboard_writer - loss            |     0.219  |     0.279
2019-07-15 16:53:14,090 - INFO - allennlp.training.tensorboard_writer - precision       |     0.889  |     0.888
2019-07-15 16:53:14,090 - INFO - allennlp.training.tensorboard_writer - f1              |     0.898  |     0.894
2019-07-15 16:53:14,090 - INFO - allennlp.training.tensorboard_writer - gpu_0_memory_MB |  8241.000  |       N/A
2019-07-15 16:53:14,090 - INFO - allennlp.training.tensorboard_writer - recall          |     0.907  |     0.900
2019-07-15 16:53:14,090 - INFO - allennlp.training.tensorboard_writer - cpu_memory_MB   |  3265.876  |       N/A
2019-07-15 16:53:14,091 - INFO - allennlp.training.tensorboard_writer - gpu_1_memory_MB |  6500.000  |       N/A
2019-07-15 16:53:14,106 - INFO - allennlp.training.checkpointer - Best validation performance so far. Copying weights to './output//best.th'.
2019-07-15 16:53:14,164 - INFO - allennlp.training.trainer - Epoch duration: 0:00:23.099637
2019-07-15 16:53:14,164 - INFO - allennlp.training.trainer - Estimated training time remaining: 0:29:58
2019-07-15 16:53:14,164 - INFO - allennlp.training.trainer - Epoch 6/99
2019-07-15 16:53:14,165 - INFO - allennlp.training.trainer - Peak CPU memory usage MB: 3265.876
2019-07-15 16:53:14,268 - INFO - allennlp.training.trainer - GPU 0 memory usage MB: 8241
2019-07-15 16:53:14,269 - INFO - allennlp.training.trainer - GPU 1 memory usage MB: 6536
2019-07-15 16:53:14,269 - INFO - allennlp.training.trainer - Training
2019-07-15 16:53:37,305 - INFO - allennlp.training.trainer - Validating
2019-07-15 16:53:39,373 - INFO - allennlp.training.tensorboard_writer -                     Training |  Validation
2019-07-15 16:53:39,373 - INFO - allennlp.training.tensorboard_writer - loss            |     0.196  |     0.269
2019-07-15 16:53:39,373 - INFO - allennlp.training.tensorboard_writer - precision       |     0.897  |     0.880
2019-07-15 16:53:39,374 - INFO - allennlp.training.tensorboard_writer - f1              |     0.906  |     0.893
2019-07-15 16:53:39,374 - INFO - allennlp.training.tensorboard_writer - gpu_0_memory_MB |  8241.000  |       N/A
2019-07-15 16:53:39,375 - INFO - allennlp.training.tensorboard_writer - recall          |     0.914  |     0.907
2019-07-15 16:53:39,375 - INFO - allennlp.training.tensorboard_writer - cpu_memory_MB   |  3265.876  |       N/A
2019-07-15 16:53:39,375 - INFO - allennlp.training.tensorboard_writer - gpu_1_memory_MB |  6536.000  |       N/A
2019-07-15 16:53:39,392 - INFO - allennlp.training.trainer - Epoch duration: 0:00:25.227443
2019-07-15 16:53:39,393 - INFO - allennlp.training.trainer - Estimated training time remaining: 0:31:00
2019-07-15 16:53:39,393 - INFO - allennlp.training.trainer - Epoch 7/99
2019-07-15 16:53:39,393 - INFO - allennlp.training.trainer - Peak CPU memory usage MB: 3265.876
2019-07-15 16:53:39,507 - INFO - allennlp.training.trainer - GPU 0 memory usage MB: 8241
2019-07-15 16:53:39,508 - INFO - allennlp.training.trainer - GPU 1 memory usage MB: 7529
2019-07-15 16:53:39,508 - INFO - allennlp.training.trainer - Training
2019-07-15 16:53:57,615 - INFO - allennlp.training.trainer - Validating
2019-07-15 16:53:59,076 - INFO - allennlp.training.tensorboard_writer -                     Training |  Validation
2019-07-15 16:53:59,077 - INFO - allennlp.training.tensorboard_writer - loss            |     0.176  |     0.265
2019-07-15 16:53:59,077 - INFO - allennlp.training.tensorboard_writer - precision       |     0.904  |     0.894
2019-07-15 16:53:59,078 - INFO - allennlp.training.tensorboard_writer - f1              |     0.912  |     0.901
2019-07-15 16:53:59,078 - INFO - allennlp.training.tensorboard_writer - gpu_0_memory_MB |  8241.000  |       N/A
2019-07-15 16:53:59,079 - INFO - allennlp.training.tensorboard_writer - recall          |     0.921  |     0.909
2019-07-15 16:53:59,079 - INFO - allennlp.training.tensorboard_writer - cpu_memory_MB   |  3265.876  |       N/A
2019-07-15 16:53:59,079 - INFO - allennlp.training.tensorboard_writer - gpu_1_memory_MB |  7529.000  |       N/A
2019-07-15 16:53:59,106 - INFO - allennlp.training.checkpointer - Best validation performance so far. Copying weights to './output//best.th'.
2019-07-15 16:53:59,111 - INFO - allennlp.training.trainer - Epoch duration: 0:00:19.718451
2019-07-15 16:53:59,112 - INFO - allennlp.training.trainer - Estimated training time remaining: 0:30:36
2019-07-15 16:53:59,112 - INFO - allennlp.training.trainer - Epoch 8/99
2019-07-15 16:53:59,112 - INFO - allennlp.training.trainer - Peak CPU memory usage MB: 3265.876
2019-07-15 16:53:59,221 - INFO - allennlp.training.trainer - GPU 0 memory usage MB: 8241
2019-07-15 16:53:59,221 - INFO - allennlp.training.trainer - GPU 1 memory usage MB: 3844
2019-07-15 16:53:59,222 - INFO - allennlp.training.trainer - Training
2019-07-15 16:54:15,067 - INFO - allennlp.training.trainer - Validating
2019-07-15 16:54:16,538 - INFO - allennlp.training.tensorboard_writer -                     Training |  Validation
2019-07-15 16:54:16,538 - INFO - allennlp.training.tensorboard_writer - loss            |     0.157  |     0.269
2019-07-15 16:54:16,538 - INFO - allennlp.training.tensorboard_writer - precision       |     0.910  |     0.899
2019-07-15 16:54:16,538 - INFO - allennlp.training.tensorboard_writer - f1              |     0.918  |     0.905
2019-07-15 16:54:16,539 - INFO - allennlp.training.tensorboard_writer - gpu_0_memory_MB |  8241.000  |       N/A
2019-07-15 16:54:16,539 - INFO - allennlp.training.tensorboard_writer - recall          |     0.926  |     0.911
2019-07-15 16:54:16,539 - INFO - allennlp.training.tensorboard_writer - cpu_memory_MB   |  3265.876  |       N/A
2019-07-15 16:54:16,539 - INFO - allennlp.training.tensorboard_writer - gpu_1_memory_MB |  3844.000  |       N/A
2019-07-15 16:54:16,553 - INFO - allennlp.training.checkpointer - Best validation performance so far. Copying weights to './output//best.th'.
2019-07-15 16:54:16,558 - INFO - allennlp.training.trainer - Epoch duration: 0:00:17.446352
2019-07-15 16:54:16,558 - INFO - allennlp.training.trainer - Estimated training time remaining: 0:29:51
2019-07-15 16:54:16,558 - INFO - allennlp.training.trainer - Epoch 9/99
2019-07-15 16:54:16,559 - INFO - allennlp.training.trainer - Peak CPU memory usage MB: 3265.876
2019-07-15 16:54:16,679 - INFO - allennlp.training.trainer - GPU 0 memory usage MB: 8241
2019-07-15 16:54:16,679 - INFO - allennlp.training.trainer - GPU 1 memory usage MB: 4422
2019-07-15 16:54:16,680 - INFO - allennlp.training.trainer - Training
2019-07-15 16:54:33,031 - INFO - allennlp.training.trainer - Validating
2019-07-15 16:54:34,534 - INFO - allennlp.training.tensorboard_writer -                     Training |  Validation
2019-07-15 16:54:34,534 - INFO - allennlp.training.tensorboard_writer - loss            |     0.143  |     0.261
2019-07-15 16:54:34,534 - INFO - allennlp.training.tensorboard_writer - precision       |     0.916  |     0.896
2019-07-15 16:54:34,535 - INFO - allennlp.training.tensorboard_writer - f1              |     0.923  |     0.906
2019-07-15 16:54:34,535 - INFO - allennlp.training.tensorboard_writer - gpu_0_memory_MB |  8241.000  |       N/A
2019-07-15 16:54:34,535 - INFO - allennlp.training.tensorboard_writer - recall          |     0.931  |     0.916
2019-07-15 16:54:34,535 - INFO - allennlp.training.tensorboard_writer - cpu_memory_MB   |  3265.876  |       N/A
2019-07-15 16:54:34,536 - INFO - allennlp.training.tensorboard_writer - gpu_1_memory_MB |  4422.000  |       N/A
2019-07-15 16:54:34,551 - INFO - allennlp.training.checkpointer - Best validation performance so far. Copying weights to './output//best.th'.
2019-07-15 16:54:34,560 - INFO - allennlp.training.trainer - Epoch duration: 0:00:18.001693
2019-07-15 16:54:34,560 - INFO - allennlp.training.trainer - Estimated training time remaining: 0:29:16
2019-07-15 16:54:34,560 - INFO - allennlp.training.trainer - Epoch 10/99
2019-07-15 16:54:34,561 - INFO - allennlp.training.trainer - Peak CPU memory usage MB: 3265.876
2019-07-15 16:54:34,669 - INFO - allennlp.training.trainer - GPU 0 memory usage MB: 8241
2019-07-15 16:54:34,669 - INFO - allennlp.training.trainer - GPU 1 memory usage MB: 3591
2019-07-15 16:54:34,669 - INFO - allennlp.training.trainer - Training
2019-07-15 16:54:49,300 - INFO - allennlp.training.trainer - Validating
2019-07-15 16:54:50,837 - INFO - allennlp.training.tensorboard_writer -                     Training |  Validation
2019-07-15 16:54:50,837 - INFO - allennlp.training.tensorboard_writer - loss            |     0.129  |     0.260
2019-07-15 16:54:50,838 - INFO - allennlp.training.tensorboard_writer - precision       |     0.920  |     0.901
2019-07-15 16:54:50,838 - INFO - allennlp.training.tensorboard_writer - f1              |     0.928  |     0.910
2019-07-15 16:54:50,838 - INFO - allennlp.training.tensorboard_writer - gpu_0_memory_MB |  8241.000  |       N/A
2019-07-15 16:54:50,839 - INFO - allennlp.training.tensorboard_writer - recall          |     0.936  |     0.919
2019-07-15 16:54:50,839 - INFO - allennlp.training.tensorboard_writer - cpu_memory_MB   |  3265.876  |       N/A
2019-07-15 16:54:50,839 - INFO - allennlp.training.tensorboard_writer - gpu_1_memory_MB |  3591.000  |       N/A
2019-07-15 16:54:50,854 - INFO - allennlp.training.checkpointer - Best validation performance so far. Copying weights to './output//best.th'.
2019-07-15 16:54:50,860 - INFO - allennlp.training.trainer - Epoch duration: 0:00:16.299310
2019-07-15 16:54:50,860 - INFO - allennlp.training.trainer - Estimated training time remaining: 0:28:31
2019-07-15 16:54:50,860 - INFO - allennlp.training.trainer - Epoch 11/99
2019-07-15 16:54:50,860 - INFO - allennlp.training.trainer - Peak CPU memory usage MB: 3265.876
2019-07-15 16:54:50,961 - INFO - allennlp.training.trainer - GPU 0 memory usage MB: 8241
2019-07-15 16:54:50,961 - INFO - allennlp.training.trainer - GPU 1 memory usage MB: 3591
2019-07-15 16:54:50,961 - INFO - allennlp.training.trainer - Training
2019-07-15 16:55:03,658 - INFO - allennlp.training.trainer - Validating
2019-07-15 16:55:04,624 - INFO - allennlp.training.tensorboard_writer -                     Training |  Validation
2019-07-15 16:55:04,625 - INFO - allennlp.training.tensorboard_writer - loss            |     0.118  |     0.258
2019-07-15 16:55:04,625 - INFO - allennlp.training.tensorboard_writer - precision       |     0.925  |     0.904
2019-07-15 16:55:04,625 - INFO - allennlp.training.tensorboard_writer - f1              |     0.933  |     0.913
2019-07-15 16:55:04,626 - INFO - allennlp.training.tensorboard_writer - gpu_0_memory_MB |  8241.000  |       N/A
2019-07-15 16:55:04,626 - INFO - allennlp.training.tensorboard_writer - recall          |     0.940  |     0.921
2019-07-15 16:55:04,626 - INFO - allennlp.training.tensorboard_writer - cpu_memory_MB   |  3265.876  |       N/A
2019-07-15 16:55:04,626 - INFO - allennlp.training.tensorboard_writer - gpu_1_memory_MB |  3591.000  |       N/A
2019-07-15 16:55:04,641 - INFO - allennlp.training.checkpointer - Best validation performance so far. Copying weights to './output//best.th'.
2019-07-15 16:55:04,646 - INFO - allennlp.training.trainer - Epoch duration: 0:00:13.785805
2019-07-15 16:55:04,646 - INFO - allennlp.training.trainer - Estimated training time remaining: 0:27:31
2019-07-15 16:55:04,646 - INFO - allennlp.training.trainer - Epoch 12/99
2019-07-15 16:55:04,646 - INFO - allennlp.training.trainer - Peak CPU memory usage MB: 3265.876
2019-07-15 16:55:04,748 - INFO - allennlp.training.trainer - GPU 0 memory usage MB: 8241
2019-07-15 16:55:04,748 - INFO - allennlp.training.trainer - GPU 1 memory usage MB: 2638
2019-07-15 16:55:04,748 - INFO - allennlp.training.trainer - Training
2019-07-15 16:55:16,704 - INFO - allennlp.training.trainer - Validating
2019-07-15 16:55:17,771 - INFO - allennlp.training.tensorboard_writer -                     Training |  Validation
2019-07-15 16:55:17,771 - INFO - allennlp.training.tensorboard_writer - loss            |     0.108  |     0.259
2019-07-15 16:55:17,771 - INFO - allennlp.training.tensorboard_writer - precision       |     0.930  |     0.904
2019-07-15 16:55:17,771 - INFO - allennlp.training.tensorboard_writer - f1              |     0.937  |     0.913
2019-07-15 16:55:17,772 - INFO - allennlp.training.tensorboard_writer - gpu_0_memory_MB |  8241.000  |       N/A
2019-07-15 16:55:17,772 - INFO - allennlp.training.tensorboard_writer - recall          |     0.944  |     0.922
2019-07-15 16:55:17,772 - INFO - allennlp.training.tensorboard_writer - cpu_memory_MB   |  3265.876  |       N/A
2019-07-15 16:55:17,772 - INFO - allennlp.training.tensorboard_writer - gpu_1_memory_MB |  2638.000  |       N/A
2019-07-15 16:55:17,786 - INFO - allennlp.training.checkpointer - Best validation performance so far. Copying weights to './output//best.th'.
2019-07-15 16:55:17,791 - INFO - allennlp.training.trainer - Epoch duration: 0:00:13.144718
2019-07-15 16:55:17,791 - INFO - allennlp.training.trainer - Estimated training time remaining: 0:26:35
2019-07-15 16:55:17,791 - INFO - allennlp.training.trainer - Epoch 13/99
2019-07-15 16:55:17,791 - INFO - allennlp.training.trainer - Peak CPU memory usage MB: 3265.876
2019-07-15 16:55:17,877 - INFO - allennlp.training.trainer - GPU 0 memory usage MB: 8241
2019-07-15 16:55:17,877 - INFO - allennlp.training.trainer - GPU 1 memory usage MB: 2638
2019-07-15 16:55:17,877 - INFO - allennlp.training.trainer - Training
2019-07-15 16:55:30,202 - INFO - allennlp.training.trainer - Validating
2019-07-15 16:55:31,237 - INFO - allennlp.training.tensorboard_writer -                     Training |  Validation
2019-07-15 16:55:31,237 - INFO - allennlp.training.tensorboard_writer - loss            |     0.099  |     0.260
2019-07-15 16:55:31,238 - INFO - allennlp.training.tensorboard_writer - precision       |     0.933  |     0.910
2019-07-15 16:55:31,238 - INFO - allennlp.training.tensorboard_writer - f1              |     0.940  |     0.916
2019-07-15 16:55:31,238 - INFO - allennlp.training.tensorboard_writer - gpu_0_memory_MB |  8241.000  |       N/A
2019-07-15 16:55:31,239 - INFO - allennlp.training.tensorboard_writer - recall          |     0.947  |     0.923
2019-07-15 16:55:31,239 - INFO - allennlp.training.tensorboard_writer - cpu_memory_MB   |  3265.876  |       N/A
2019-07-15 16:55:31,239 - INFO - allennlp.training.tensorboard_writer - gpu_1_memory_MB |  2638.000  |       N/A
2019-07-15 16:55:31,254 - INFO - allennlp.training.checkpointer - Best validation performance so far. Copying weights to './output//best.th'.
2019-07-15 16:55:31,259 - INFO - allennlp.training.trainer - Epoch duration: 0:00:13.468267
2019-07-15 16:55:31,260 - INFO - allennlp.training.trainer - Estimated training time remaining: 0:25:47
2019-07-15 16:55:31,260 - INFO - allennlp.training.trainer - Epoch 14/99
2019-07-15 16:55:31,260 - INFO - allennlp.training.trainer - Peak CPU memory usage MB: 3265.876
2019-07-15 16:55:31,356 - INFO - allennlp.training.trainer - GPU 0 memory usage MB: 8241
2019-07-15 16:55:31,356 - INFO - allennlp.training.trainer - GPU 1 memory usage MB: 2638
2019-07-15 16:55:31,356 - INFO - allennlp.training.trainer - Training
2019-07-15 16:55:43,131 - INFO - allennlp.training.trainer - Validating
2019-07-15 16:55:44,101 - INFO - allennlp.training.tensorboard_writer -                     Training |  Validation
2019-07-15 16:55:44,102 - INFO - allennlp.training.tensorboard_writer - loss            |     0.091  |     0.266
2019-07-15 16:55:44,102 - INFO - allennlp.training.tensorboard_writer - precision       |     0.938  |     0.907
2019-07-15 16:55:44,102 - INFO - allennlp.training.tensorboard_writer - f1              |     0.944  |     0.916
2019-07-15 16:55:44,102 - INFO - allennlp.training.tensorboard_writer - gpu_0_memory_MB |  8241.000  |       N/A
2019-07-15 16:55:44,102 - INFO - allennlp.training.tensorboard_writer - recall          |     0.951  |     0.925
2019-07-15 16:55:44,103 - INFO - allennlp.training.tensorboard_writer - cpu_memory_MB   |  3265.876  |       N/A
2019-07-15 16:55:44,103 - INFO - allennlp.training.tensorboard_writer - gpu_1_memory_MB |  2638.000  |       N/A
2019-07-15 16:55:44,115 - INFO - allennlp.training.trainer - Epoch duration: 0:00:12.855816
2019-07-15 16:55:44,116 - INFO - allennlp.training.trainer - Estimated training time remaining: 0:25:00
2019-07-15 16:55:44,116 - INFO - allennlp.training.trainer - Epoch 15/99
2019-07-15 16:55:44,116 - INFO - allennlp.training.trainer - Peak CPU memory usage MB: 3265.888
2019-07-15 16:55:44,187 - INFO - allennlp.training.trainer - GPU 0 memory usage MB: 8241
2019-07-15 16:55:44,187 - INFO - allennlp.training.trainer - GPU 1 memory usage MB: 2638
2019-07-15 16:55:44,188 - INFO - allennlp.training.trainer - Training
2019-07-15 16:55:55,750 - INFO - allennlp.training.trainer - Validating
2019-07-15 16:55:56,904 - INFO - allennlp.training.tensorboard_writer -                     Training |  Validation
2019-07-15 16:55:56,904 - INFO - allennlp.training.tensorboard_writer - loss            |     0.083  |     0.262
2019-07-15 16:55:56,904 - INFO - allennlp.training.tensorboard_writer - precision       |     0.941  |     0.912
2019-07-15 16:55:56,905 - INFO - allennlp.training.tensorboard_writer - f1              |     0.947  |     0.919
2019-07-15 16:55:56,905 - INFO - allennlp.training.tensorboard_writer - gpu_0_memory_MB |  8241.000  |       N/A
2019-07-15 16:55:56,905 - INFO - allennlp.training.tensorboard_writer - recall          |     0.954  |     0.926
2019-07-15 16:55:56,905 - INFO - allennlp.training.tensorboard_writer - cpu_memory_MB   |  3265.888  |       N/A
2019-07-15 16:55:56,905 - INFO - allennlp.training.tensorboard_writer - gpu_1_memory_MB |  2638.000  |       N/A
2019-07-15 16:55:56,919 - INFO - allennlp.training.checkpointer - Best validation performance so far. Copying weights to './output//best.th'.
2019-07-15 16:55:56,923 - INFO - allennlp.training.trainer - Epoch duration: 0:00:12.807416
2019-07-15 16:55:56,923 - INFO - allennlp.training.trainer - Estimated training time remaining: 0:24:17
2019-07-15 16:55:56,923 - INFO - allennlp.training.trainer - Epoch 16/99
2019-07-15 16:55:56,923 - INFO - allennlp.training.trainer - Peak CPU memory usage MB: 3265.888
2019-07-15 16:55:57,013 - INFO - allennlp.training.trainer - GPU 0 memory usage MB: 8241
2019-07-15 16:55:57,013 - INFO - allennlp.training.trainer - GPU 1 memory usage MB: 2638
2019-07-15 16:55:57,014 - INFO - allennlp.training.trainer - Training
2019-07-15 16:56:08,917 - INFO - allennlp.training.trainer - Validating
2019-07-15 16:56:10,031 - INFO - allennlp.training.tensorboard_writer -                     Training |  Validation
2019-07-15 16:56:10,031 - INFO - allennlp.training.tensorboard_writer - loss            |     0.076  |     0.272
2019-07-15 16:56:10,031 - INFO - allennlp.training.tensorboard_writer - precision       |     0.945  |     0.909
2019-07-15 16:56:10,032 - INFO - allennlp.training.tensorboard_writer - f1              |     0.951  |     0.918
2019-07-15 16:56:10,032 - INFO - allennlp.training.tensorboard_writer - gpu_0_memory_MB |  8241.000  |       N/A
2019-07-15 16:56:10,032 - INFO - allennlp.training.tensorboard_writer - recall          |     0.957  |     0.927
2019-07-15 16:56:10,032 - INFO - allennlp.training.tensorboard_writer - cpu_memory_MB   |  3265.888  |       N/A
2019-07-15 16:56:10,032 - INFO - allennlp.training.tensorboard_writer - gpu_1_memory_MB |  2638.000  |       N/A
2019-07-15 16:56:10,055 - INFO - allennlp.training.trainer - Epoch duration: 0:00:13.131493
2019-07-15 16:56:10,055 - INFO - allennlp.training.trainer - Estimated training time remaining: 0:23:39
2019-07-15 16:56:10,055 - INFO - allennlp.training.trainer - Epoch 17/99
2019-07-15 16:56:10,055 - INFO - allennlp.training.trainer - Peak CPU memory usage MB: 3265.908
2019-07-15 16:56:10,163 - INFO - allennlp.training.trainer - GPU 0 memory usage MB: 8241
2019-07-15 16:56:10,163 - INFO - allennlp.training.trainer - GPU 1 memory usage MB: 2638
2019-07-15 16:56:10,163 - INFO - allennlp.training.trainer - Training
2019-07-15 16:56:21,885 - INFO - allennlp.training.trainer - Validating
2019-07-15 16:56:22,950 - INFO - allennlp.training.tensorboard_writer -                     Training |  Validation
2019-07-15 16:56:22,950 - INFO - allennlp.training.tensorboard_writer - loss            |     0.070  |     0.273
2019-07-15 16:56:22,951 - INFO - allennlp.training.tensorboard_writer - precision       |     0.948  |     0.912
2019-07-15 16:56:22,951 - INFO - allennlp.training.tensorboard_writer - f1              |     0.954  |     0.919
2019-07-15 16:56:22,951 - INFO - allennlp.training.tensorboard_writer - gpu_0_memory_MB |  8241.000  |       N/A
2019-07-15 16:56:22,951 - INFO - allennlp.training.tensorboard_writer - recall          |     0.960  |     0.927
2019-07-15 16:56:22,952 - INFO - allennlp.training.tensorboard_writer - cpu_memory_MB   |  3265.908  |       N/A
2019-07-15 16:56:22,952 - INFO - allennlp.training.tensorboard_writer - gpu_1_memory_MB |  2638.000  |       N/A
2019-07-15 16:56:22,968 - INFO - allennlp.training.checkpointer - Best validation performance so far. Copying weights to './output//best.th'.
2019-07-15 16:56:22,975 - INFO - allennlp.training.trainer - Epoch duration: 0:00:12.919282
2019-07-15 16:56:22,975 - INFO - allennlp.training.trainer - Estimated training time remaining: 0:23:03
2019-07-15 16:56:22,975 - INFO - allennlp.training.trainer - Epoch 18/99
2019-07-15 16:56:22,975 - INFO - allennlp.training.trainer - Peak CPU memory usage MB: 3265.908
2019-07-15 16:56:23,082 - INFO - allennlp.training.trainer - GPU 0 memory usage MB: 8241
2019-07-15 16:56:23,082 - INFO - allennlp.training.trainer - GPU 1 memory usage MB: 2638
2019-07-15 16:56:23,082 - INFO - allennlp.training.trainer - Training
2019-07-15 16:56:34,731 - INFO - allennlp.training.trainer - Validating
2019-07-15 16:56:35,753 - INFO - allennlp.training.tensorboard_writer -                     Training |  Validation
2019-07-15 16:56:35,753 - INFO - allennlp.training.tensorboard_writer - loss            |     0.064  |     0.285
2019-07-15 16:56:35,753 - INFO - allennlp.training.tensorboard_writer - precision       |     0.951  |     0.904
2019-07-15 16:56:35,754 - INFO - allennlp.training.tensorboard_writer - f1              |     0.957  |     0.916
2019-07-15 16:56:35,754 - INFO - allennlp.training.tensorboard_writer - gpu_0_memory_MB |  8241.000  |       N/A
2019-07-15 16:56:35,754 - INFO - allennlp.training.tensorboard_writer - recall          |     0.962  |     0.928
2019-07-15 16:56:35,754 - INFO - allennlp.training.tensorboard_writer - cpu_memory_MB   |  3265.908  |       N/A
2019-07-15 16:56:35,755 - INFO - allennlp.training.tensorboard_writer - gpu_1_memory_MB |  2638.000  |       N/A
2019-07-15 16:56:35,769 - INFO - allennlp.training.trainer - Epoch duration: 0:00:12.794296
2019-07-15 16:56:35,769 - INFO - allennlp.training.trainer - Estimated training time remaining: 0:22:28
2019-07-15 16:56:35,770 - INFO - allennlp.training.trainer - Epoch 19/99
2019-07-15 16:56:35,770 - INFO - allennlp.training.trainer - Peak CPU memory usage MB: 3265.908
2019-07-15 16:56:35,864 - INFO - allennlp.training.trainer - GPU 0 memory usage MB: 8241
2019-07-15 16:56:35,864 - INFO - allennlp.training.trainer - GPU 1 memory usage MB: 2638
2019-07-15 16:56:35,864 - INFO - allennlp.training.trainer - Training
2019-07-15 16:56:47,907 - INFO - allennlp.training.trainer - Validating
2019-07-15 16:56:48,872 - INFO - allennlp.training.tensorboard_writer -                     Training |  Validation
2019-07-15 16:56:48,872 - INFO - allennlp.training.tensorboard_writer - loss            |     0.059  |     0.282
2019-07-15 16:56:48,872 - INFO - allennlp.training.tensorboard_writer - precision       |     0.954  |     0.915
2019-07-15 16:56:48,873 - INFO - allennlp.training.tensorboard_writer - f1              |     0.960  |     0.921
2019-07-15 16:56:48,873 - INFO - allennlp.training.tensorboard_writer - gpu_0_memory_MB |  8241.000  |       N/A
2019-07-15 16:56:48,873 - INFO - allennlp.training.tensorboard_writer - recall          |     0.965  |     0.927
2019-07-15 16:56:48,873 - INFO - allennlp.training.tensorboard_writer - cpu_memory_MB   |  3265.908  |       N/A
2019-07-15 16:56:48,874 - INFO - allennlp.training.tensorboard_writer - gpu_1_memory_MB |  2638.000  |       N/A
2019-07-15 16:56:48,891 - INFO - allennlp.training.checkpointer - Best validation performance so far. Copying weights to './output//best.th'.
2019-07-15 16:56:48,899 - INFO - allennlp.training.trainer - Epoch duration: 0:00:13.128954
2019-07-15 16:56:48,899 - INFO - allennlp.training.trainer - Estimated training time remaining: 0:21:58
2019-07-15 16:56:48,899 - INFO - allennlp.training.trainer - Epoch 20/99
2019-07-15 16:56:48,899 - INFO - allennlp.training.trainer - Peak CPU memory usage MB: 3265.908
2019-07-15 16:56:49,004 - INFO - allennlp.training.trainer - GPU 0 memory usage MB: 8241
2019-07-15 16:56:49,004 - INFO - allennlp.training.trainer - GPU 1 memory usage MB: 2638
2019-07-15 16:56:49,004 - INFO - allennlp.training.trainer - Training
2019-07-15 16:57:00,626 - INFO - allennlp.training.trainer - Validating
2019-07-15 16:57:01,651 - INFO - allennlp.training.tensorboard_writer -                     Training |  Validation
2019-07-15 16:57:01,652 - INFO - allennlp.training.tensorboard_writer - loss            |     0.054  |     0.290
2019-07-15 16:57:01,652 - INFO - allennlp.training.tensorboard_writer - precision       |     0.957  |     0.913
2019-07-15 16:57:01,652 - INFO - allennlp.training.tensorboard_writer - f1              |     0.963  |     0.921
2019-07-15 16:57:01,653 - INFO - allennlp.training.tensorboard_writer - gpu_0_memory_MB |  8241.000  |       N/A
2019-07-15 16:57:01,653 - INFO - allennlp.training.tensorboard_writer - recall          |     0.968  |     0.929
2019-07-15 16:57:01,653 - INFO - allennlp.training.tensorboard_writer - cpu_memory_MB   |  3265.908  |       N/A
2019-07-15 16:57:01,653 - INFO - allennlp.training.tensorboard_writer - gpu_1_memory_MB |  2638.000  |       N/A
2019-07-15 16:57:01,672 - INFO - allennlp.training.trainer - Epoch duration: 0:00:12.773183
2019-07-15 16:57:01,672 - INFO - allennlp.training.trainer - Estimated training time remaining: 0:21:27
2019-07-15 16:57:01,672 - INFO - allennlp.training.trainer - Epoch 21/99
2019-07-15 16:57:01,672 - INFO - allennlp.training.trainer - Peak CPU memory usage MB: 3265.912
2019-07-15 16:57:01,776 - INFO - allennlp.training.trainer - GPU 0 memory usage MB: 8241
2019-07-15 16:57:01,776 - INFO - allennlp.training.trainer - GPU 1 memory usage MB: 2638
2019-07-15 16:57:01,777 - INFO - allennlp.training.trainer - Training
2019-07-15 16:57:13,722 - INFO - allennlp.training.trainer - Validating
2019-07-15 16:57:14,739 - INFO - allennlp.training.tensorboard_writer -                     Training |  Validation
2019-07-15 16:57:14,739 - INFO - allennlp.training.tensorboard_writer - loss            |     0.048  |     0.292
2019-07-15 16:57:14,740 - INFO - allennlp.training.tensorboard_writer - precision       |     0.961  |     0.908
2019-07-15 16:57:14,740 - INFO - allennlp.training.tensorboard_writer - f1              |     0.966  |     0.919
2019-07-15 16:57:14,740 - INFO - allennlp.training.tensorboard_writer - gpu_0_memory_MB |  8241.000  |       N/A
2019-07-15 16:57:14,740 - INFO - allennlp.training.tensorboard_writer - recall          |     0.971  |     0.930
2019-07-15 16:57:14,740 - INFO - allennlp.training.tensorboard_writer - cpu_memory_MB   |  3265.912  |       N/A
2019-07-15 16:57:14,741 - INFO - allennlp.training.tensorboard_writer - gpu_1_memory_MB |  2638.000  |       N/A
2019-07-15 16:57:14,757 - INFO - allennlp.training.trainer - Epoch duration: 0:00:13.085043
2019-07-15 16:57:14,758 - INFO - allennlp.training.trainer - Estimated training time remaining: 0:20:59
2019-07-15 16:57:14,758 - INFO - allennlp.training.trainer - Epoch 22/99
2019-07-15 16:57:14,758 - INFO - allennlp.training.trainer - Peak CPU memory usage MB: 3265.912
2019-07-15 16:57:14,848 - INFO - allennlp.training.trainer - GPU 0 memory usage MB: 8241
2019-07-15 16:57:14,848 - INFO - allennlp.training.trainer - GPU 1 memory usage MB: 2638
2019-07-15 16:57:14,849 - INFO - allennlp.training.trainer - Training
2019-07-15 16:57:26,292 - INFO - allennlp.training.trainer - Validating
2019-07-15 16:57:27,226 - INFO - allennlp.training.tensorboard_writer -                     Training |  Validation
2019-07-15 16:57:27,227 - INFO - allennlp.training.tensorboard_writer - loss            |     0.044  |     0.306
2019-07-15 16:57:27,227 - INFO - allennlp.training.tensorboard_writer - precision       |     0.963  |     0.916
2019-07-15 16:57:27,227 - INFO - allennlp.training.tensorboard_writer - f1              |     0.968  |     0.923
2019-07-15 16:57:27,227 - INFO - allennlp.training.tensorboard_writer - gpu_0_memory_MB |  8241.000  |       N/A
2019-07-15 16:57:27,228 - INFO - allennlp.training.tensorboard_writer - recall          |     0.973  |     0.929
2019-07-15 16:57:27,228 - INFO - allennlp.training.tensorboard_writer - cpu_memory_MB   |  3265.912  |       N/A
2019-07-15 16:57:27,228 - INFO - allennlp.training.tensorboard_writer - gpu_1_memory_MB |  2638.000  |       N/A
2019-07-15 16:57:27,248 - INFO - allennlp.training.checkpointer - Best validation performance so far. Copying weights to './output//best.th'.
2019-07-15 16:57:27,255 - INFO - allennlp.training.trainer - Epoch duration: 0:00:12.496877
2019-07-15 16:57:27,255 - INFO - allennlp.training.trainer - Estimated training time remaining: 0:20:31
2019-07-15 16:57:27,255 - INFO - allennlp.training.trainer - Epoch 23/99
2019-07-15 16:57:27,255 - INFO - allennlp.training.trainer - Peak CPU memory usage MB: 3265.912
2019-07-15 16:57:27,372 - INFO - allennlp.training.trainer - GPU 0 memory usage MB: 8241
2019-07-15 16:57:27,372 - INFO - allennlp.training.trainer - GPU 1 memory usage MB: 2638
2019-07-15 16:57:27,372 - INFO - allennlp.training.trainer - Training
2019-07-15 16:57:39,131 - INFO - allennlp.training.trainer - Validating
2019-07-15 16:57:40,180 - INFO - allennlp.training.tensorboard_writer -                     Training |  Validation
2019-07-15 16:57:40,181 - INFO - allennlp.training.tensorboard_writer - loss            |     0.040  |     0.315
2019-07-15 16:57:40,181 - INFO - allennlp.training.tensorboard_writer - precision       |     0.966  |     0.912
2019-07-15 16:57:40,181 - INFO - allennlp.training.tensorboard_writer - f1              |     0.971  |     0.920
2019-07-15 16:57:40,181 - INFO - allennlp.training.tensorboard_writer - gpu_0_memory_MB |  8241.000  |       N/A
2019-07-15 16:57:40,182 - INFO - allennlp.training.tensorboard_writer - recall          |     0.975  |     0.928
2019-07-15 16:57:40,182 - INFO - allennlp.training.tensorboard_writer - cpu_memory_MB   |  3265.912  |       N/A
2019-07-15 16:57:40,182 - INFO - allennlp.training.tensorboard_writer - gpu_1_memory_MB |  2638.000  |       N/A
2019-07-15 16:57:40,199 - INFO - allennlp.training.trainer - Epoch duration: 0:00:12.943929
2019-07-15 16:57:40,199 - INFO - allennlp.training.trainer - Estimated training time remaining: 0:20:05
2019-07-15 16:57:40,199 - INFO - allennlp.training.trainer - Epoch 24/99
2019-07-15 16:57:40,199 - INFO - allennlp.training.trainer - Peak CPU memory usage MB: 3265.912
2019-07-15 16:57:40,293 - INFO - allennlp.training.trainer - GPU 0 memory usage MB: 8241
2019-07-15 16:57:40,293 - INFO - allennlp.training.trainer - GPU 1 memory usage MB: 2638
2019-07-15 16:57:40,294 - INFO - allennlp.training.trainer - Training
2019-07-15 16:57:52,340 - INFO - allennlp.training.trainer - Validating
2019-07-15 16:57:53,338 - INFO - allennlp.training.tensorboard_writer -                     Training |  Validation
2019-07-15 16:57:53,338 - INFO - allennlp.training.tensorboard_writer - loss            |     0.036  |     0.329
2019-07-15 16:57:53,339 - INFO - allennlp.training.tensorboard_writer - precision       |     0.969  |     0.909
2019-07-15 16:57:53,339 - INFO - allennlp.training.tensorboard_writer - f1              |     0.973  |     0.919
2019-07-15 16:57:53,339 - INFO - allennlp.training.tensorboard_writer - gpu_0_memory_MB |  8241.000  |       N/A
2019-07-15 16:57:53,340 - INFO - allennlp.training.tensorboard_writer - recall          |     0.977  |     0.929
2019-07-15 16:57:53,340 - INFO - allennlp.training.tensorboard_writer - cpu_memory_MB   |  3265.912  |       N/A
2019-07-15 16:57:53,341 - INFO - allennlp.training.tensorboard_writer - gpu_1_memory_MB |  2638.000  |       N/A
2019-07-15 16:57:53,357 - INFO - allennlp.training.trainer - Epoch duration: 0:00:13.158271
2019-07-15 16:57:53,357 - INFO - allennlp.training.trainer - Estimated training time remaining: 0:19:41
2019-07-15 16:57:53,357 - INFO - allennlp.training.trainer - Epoch 25/99
2019-07-15 16:57:53,357 - INFO - allennlp.training.trainer - Peak CPU memory usage MB: 3265.912
2019-07-15 16:57:53,468 - INFO - allennlp.training.trainer - GPU 0 memory usage MB: 8241
2019-07-15 16:57:53,468 - INFO - allennlp.training.trainer - GPU 1 memory usage MB: 2638
2019-07-15 16:57:53,468 - INFO - allennlp.training.trainer - Training
2019-07-15 16:58:05,343 - INFO - allennlp.training.trainer - Validating
2019-07-15 16:58:06,509 - INFO - allennlp.training.tensorboard_writer -                     Training |  Validation
2019-07-15 16:58:06,510 - INFO - allennlp.training.tensorboard_writer - loss            |     0.033  |     0.338
2019-07-15 16:58:06,510 - INFO - allennlp.training.tensorboard_writer - precision       |     0.972  |     0.912
2019-07-15 16:58:06,511 - INFO - allennlp.training.tensorboard_writer - f1              |     0.976  |     0.920
2019-07-15 16:58:06,511 - INFO - allennlp.training.tensorboard_writer - gpu_0_memory_MB |  8241.000  |       N/A
2019-07-15 16:58:06,511 - INFO - allennlp.training.tensorboard_writer - recall          |     0.980  |     0.927
2019-07-15 16:58:06,511 - INFO - allennlp.training.tensorboard_writer - cpu_memory_MB   |  3265.912  |       N/A
2019-07-15 16:58:06,511 - INFO - allennlp.training.tensorboard_writer - gpu_1_memory_MB |  2638.000  |       N/A
2019-07-15 16:58:06,530 - INFO - allennlp.training.trainer - Epoch duration: 0:00:13.172519
2019-07-15 16:58:06,530 - INFO - allennlp.training.trainer - Estimated training time remaining: 0:19:18
2019-07-15 16:58:06,530 - INFO - allennlp.training.trainer - Epoch 26/99
2019-07-15 16:58:06,530 - INFO - allennlp.training.trainer - Peak CPU memory usage MB: 3265.912
2019-07-15 16:58:06,633 - INFO - allennlp.training.trainer - GPU 0 memory usage MB: 8241
2019-07-15 16:58:06,633 - INFO - allennlp.training.trainer - GPU 1 memory usage MB: 3165
2019-07-15 16:58:06,633 - INFO - allennlp.training.trainer - Training
2019-07-15 16:58:18,995 - INFO - allennlp.training.trainer - Validating
2019-07-15 16:58:20,057 - INFO - allennlp.training.tensorboard_writer -                     Training |  Validation
2019-07-15 16:58:20,057 - INFO - allennlp.training.tensorboard_writer - loss            |     0.033  |     0.344
2019-07-15 16:58:20,058 - INFO - allennlp.training.tensorboard_writer - precision       |     0.972  |     0.910
2019-07-15 16:58:20,058 - INFO - allennlp.training.tensorboard_writer - f1              |     0.976  |     0.919
2019-07-15 16:58:20,058 - INFO - allennlp.training.tensorboard_writer - gpu_0_memory_MB |  8241.000  |       N/A
2019-07-15 16:58:20,059 - INFO - allennlp.training.tensorboard_writer - recall          |     0.980  |     0.928
2019-07-15 16:58:20,059 - INFO - allennlp.training.tensorboard_writer - cpu_memory_MB   |  3265.912  |       N/A
2019-07-15 16:58:20,059 - INFO - allennlp.training.tensorboard_writer - gpu_1_memory_MB |  3165.000  |       N/A
2019-07-15 16:58:20,075 - INFO - allennlp.training.trainer - Epoch duration: 0:00:13.544502
2019-07-15 16:58:20,075 - INFO - allennlp.training.trainer - Estimated training time remaining: 0:18:57
2019-07-15 16:58:20,075 - INFO - allennlp.training.trainer - Epoch 27/99
2019-07-15 16:58:20,075 - INFO - allennlp.training.trainer - Peak CPU memory usage MB: 3265.912
2019-07-15 16:58:20,182 - INFO - allennlp.training.trainer - GPU 0 memory usage MB: 8241
2019-07-15 16:58:20,182 - INFO - allennlp.training.trainer - GPU 1 memory usage MB: 3469
2019-07-15 16:58:20,182 - INFO - allennlp.training.trainer - Training
2019-07-15 16:58:32,633 - INFO - allennlp.training.trainer - Validating
2019-07-15 16:58:33,822 - INFO - allennlp.training.tensorboard_writer -                     Training |  Validation
2019-07-15 16:58:33,822 - INFO - allennlp.training.tensorboard_writer - loss            |     0.028  |     0.352
2019-07-15 16:58:33,822 - INFO - allennlp.training.tensorboard_writer - precision       |     0.975  |     0.911
2019-07-15 16:58:33,822 - INFO - allennlp.training.tensorboard_writer - f1              |     0.979  |     0.919
2019-07-15 16:58:33,822 - INFO - allennlp.training.tensorboard_writer - gpu_0_memory_MB |  8241.000  |       N/A
2019-07-15 16:58:33,823 - INFO - allennlp.training.tensorboard_writer - recall          |     0.983  |     0.928
2019-07-15 16:58:33,823 - INFO - allennlp.training.tensorboard_writer - cpu_memory_MB   |  3265.912  |       N/A
2019-07-15 16:58:33,823 - INFO - allennlp.training.tensorboard_writer - gpu_1_memory_MB |  3469.000  |       N/A
2019-07-15 16:58:33,843 - INFO - allennlp.training.trainer - Epoch duration: 0:00:13.768374
2019-07-15 16:58:33,844 - INFO - allennlp.training.trainer - Estimated training time remaining: 0:18:37
2019-07-15 16:58:33,844 - INFO - allennlp.training.trainer - Epoch 28/99
2019-07-15 16:58:33,844 - INFO - allennlp.training.trainer - Peak CPU memory usage MB: 3265.916
2019-07-15 16:58:33,956 - INFO - allennlp.training.trainer - GPU 0 memory usage MB: 8241
2019-07-15 16:58:33,956 - INFO - allennlp.training.trainer - GPU 1 memory usage MB: 3469
2019-07-15 16:58:33,956 - INFO - allennlp.training.trainer - Training
2019-07-15 16:58:46,579 - INFO - allennlp.training.trainer - Validating
2019-07-15 16:58:47,730 - INFO - allennlp.training.tensorboard_writer -                     Training |  Validation
2019-07-15 16:58:47,731 - INFO - allennlp.training.tensorboard_writer - loss            |     0.025  |     0.360
2019-07-15 16:58:47,731 - INFO - allennlp.training.tensorboard_writer - precision       |     0.978  |     0.913
2019-07-15 16:58:47,731 - INFO - allennlp.training.tensorboard_writer - f1              |     0.981  |     0.919
2019-07-15 16:58:47,732 - INFO - allennlp.training.tensorboard_writer - gpu_0_memory_MB |  8241.000  |       N/A
2019-07-15 16:58:47,732 - INFO - allennlp.training.tensorboard_writer - recall          |     0.984  |     0.926
2019-07-15 16:58:47,732 - INFO - allennlp.training.tensorboard_writer - cpu_memory_MB   |  3265.916  |       N/A
2019-07-15 16:58:47,732 - INFO - allennlp.training.tensorboard_writer - gpu_1_memory_MB |  3469.000  |       N/A
2019-07-15 16:58:47,752 - INFO - allennlp.training.trainer - Epoch duration: 0:00:13.907962
2019-07-15 16:58:47,752 - INFO - allennlp.training.trainer - Estimated training time remaining: 0:18:17
2019-07-15 16:58:47,752 - INFO - allennlp.training.trainer - Epoch 29/99
2019-07-15 16:58:47,752 - INFO - allennlp.training.trainer - Peak CPU memory usage MB: 3265.916
2019-07-15 16:58:47,860 - INFO - allennlp.training.trainer - GPU 0 memory usage MB: 8241
2019-07-15 16:58:47,860 - INFO - allennlp.training.trainer - GPU 1 memory usage MB: 3469
2019-07-15 16:58:47,860 - INFO - allennlp.training.trainer - Training
2019-07-15 16:58:59,719 - INFO - allennlp.training.trainer - Validating
2019-07-15 16:59:00,900 - INFO - allennlp.training.tensorboard_writer -                     Training |  Validation
2019-07-15 16:59:00,900 - INFO - allennlp.training.tensorboard_writer - loss            |     0.021  |     0.383
2019-07-15 16:59:00,901 - INFO - allennlp.training.tensorboard_writer - precision       |     0.980  |     0.917
2019-07-15 16:59:00,901 - INFO - allennlp.training.tensorboard_writer - f1              |     0.983  |     0.922
2019-07-15 16:59:00,901 - INFO - allennlp.training.tensorboard_writer - gpu_0_memory_MB |  8241.000  |       N/A
2019-07-15 16:59:00,901 - INFO - allennlp.training.tensorboard_writer - recall          |     0.986  |     0.928
2019-07-15 16:59:00,901 - INFO - allennlp.training.tensorboard_writer - cpu_memory_MB   |  3265.916  |       N/A
2019-07-15 16:59:00,902 - INFO - allennlp.training.tensorboard_writer - gpu_1_memory_MB |  3469.000  |       N/A
2019-07-15 16:59:00,920 - INFO - allennlp.training.trainer - Epoch duration: 0:00:13.167677
2019-07-15 16:59:00,920 - INFO - allennlp.training.trainer - Estimated training time remaining: 0:17:56
2019-07-15 16:59:00,920 - INFO - allennlp.training.trainer - Epoch 30/99
2019-07-15 16:59:00,920 - INFO - allennlp.training.trainer - Peak CPU memory usage MB: 3265.916
2019-07-15 16:59:01,023 - INFO - allennlp.training.trainer - GPU 0 memory usage MB: 8241
2019-07-15 16:59:01,024 - INFO - allennlp.training.trainer - GPU 1 memory usage MB: 2638
2019-07-15 16:59:01,024 - INFO - allennlp.training.trainer - Training
2019-07-15 16:59:12,457 - INFO - allennlp.training.trainer - Validating
2019-07-15 16:59:13,472 - INFO - allennlp.training.tensorboard_writer -                     Training |  Validation
2019-07-15 16:59:13,472 - INFO - allennlp.training.tensorboard_writer - loss            |     0.021  |     0.387
2019-07-15 16:59:13,473 - INFO - allennlp.training.tensorboard_writer - precision       |     0.981  |     0.905
2019-07-15 16:59:13,473 - INFO - allennlp.training.tensorboard_writer - f1              |     0.984  |     0.917
2019-07-15 16:59:13,473 - INFO - allennlp.training.tensorboard_writer - gpu_0_memory_MB |  8241.000  |       N/A
2019-07-15 16:59:13,473 - INFO - allennlp.training.tensorboard_writer - recall          |     0.987  |     0.928
2019-07-15 16:59:13,474 - INFO - allennlp.training.tensorboard_writer - cpu_memory_MB   |  3265.916  |       N/A
2019-07-15 16:59:13,474 - INFO - allennlp.training.tensorboard_writer - gpu_1_memory_MB |  2638.000  |       N/A
2019-07-15 16:59:13,491 - INFO - allennlp.training.trainer - Epoch duration: 0:00:12.571107
2019-07-15 16:59:13,491 - INFO - allennlp.training.trainer - Estimated training time remaining: 0:17:35
2019-07-15 16:59:13,491 - INFO - allennlp.training.trainer - Epoch 31/99
2019-07-15 16:59:13,491 - INFO - allennlp.training.trainer - Peak CPU memory usage MB: 3265.916
2019-07-15 16:59:13,585 - INFO - allennlp.training.trainer - GPU 0 memory usage MB: 8241
2019-07-15 16:59:13,585 - INFO - allennlp.training.trainer - GPU 1 memory usage MB: 2638
2019-07-15 16:59:13,586 - INFO - allennlp.training.trainer - Training
2019-07-15 16:59:25,054 - INFO - allennlp.training.trainer - Validating
2019-07-15 16:59:26,062 - INFO - allennlp.training.tensorboard_writer -                     Training |  Validation
2019-07-15 16:59:26,062 - INFO - allennlp.training.tensorboard_writer - loss            |     0.018  |     0.399
2019-07-15 16:59:26,063 - INFO - allennlp.training.tensorboard_writer - precision       |     0.983  |     0.910
2019-07-15 16:59:26,063 - INFO - allennlp.training.tensorboard_writer - f1              |     0.986  |     0.919
2019-07-15 16:59:26,064 - INFO - allennlp.training.tensorboard_writer - gpu_0_memory_MB |  8241.000  |       N/A
2019-07-15 16:59:26,064 - INFO - allennlp.training.tensorboard_writer - recall          |     0.989  |     0.928
2019-07-15 16:59:26,064 - INFO - allennlp.training.tensorboard_writer - cpu_memory_MB   |  3265.916  |       N/A
2019-07-15 16:59:26,064 - INFO - allennlp.training.tensorboard_writer - gpu_1_memory_MB |  2638.000  |       N/A
2019-07-15 16:59:26,082 - INFO - allennlp.training.trainer - Epoch duration: 0:00:12.590319
2019-07-15 16:59:26,082 - INFO - allennlp.training.trainer - Estimated training time remaining: 0:17:14
2019-07-15 16:59:26,082 - INFO - allennlp.training.trainer - Epoch 32/99
2019-07-15 16:59:26,082 - INFO - allennlp.training.trainer - Peak CPU memory usage MB: 3265.916
2019-07-15 16:59:26,188 - INFO - allennlp.training.trainer - GPU 0 memory usage MB: 8241
2019-07-15 16:59:26,188 - INFO - allennlp.training.trainer - GPU 1 memory usage MB: 2638
2019-07-15 16:59:26,188 - INFO - allennlp.training.trainer - Training
2019-07-15 16:59:37,809 - INFO - allennlp.training.trainer - Validating
2019-07-15 16:59:38,740 - INFO - allennlp.training.trainer - Ran out of patience.  Stopping training.
2019-07-15 16:59:38,740 - INFO - allennlp.training.checkpointer - loading best weights
